This is pdfTeX, Version 3.14159265-2.6-1.40.20 (TeX Live 2019) (preloaded format=pdflatex 2019.11.8)  7 FEB 2020 00:33
entering extended mode
 restricted \write18 enabled.
 %&-line parsing enabled.
**_main.tex
(./_main.tex
LaTeX2e <2019-10-01>
(/usr/local/texlive/2019basic/texmf-dist/tex/latex/base/book.cls
Document Class: book 2019/08/27 v1.4j Standard LaTeX document class
(/usr/local/texlive/2019basic/texmf-dist/tex/latex/base/bk10.clo
File: bk10.clo 2019/08/27 v1.4j Standard LaTeX file (size option)
)
\c@part=\count80
\c@chapter=\count81
\c@section=\count82
\c@subsection=\count83
\c@subsubsection=\count84
\c@paragraph=\count85
\c@subparagraph=\count86
\c@figure=\count87
\c@table=\count88
\abovecaptionskip=\skip41
\belowcaptionskip=\skip42
\bibindent=\dimen102
) (/usr/local/texlive/2019basic/texmf-dist/tex/latex/lm/lmodern.sty
Package: lmodern 2009/10/30 v1.6 Latin Modern Fonts
LaTeX Font Info:    Overwriting symbol font `operators' in version `normal'
(Font)                  OT1/cmr/m/n --> OT1/lmr/m/n on input line 22.
LaTeX Font Info:    Overwriting symbol font `letters' in version `normal'
(Font)                  OML/cmm/m/it --> OML/lmm/m/it on input line 23.
LaTeX Font Info:    Overwriting symbol font `symbols' in version `normal'
(Font)                  OMS/cmsy/m/n --> OMS/lmsy/m/n on input line 24.
LaTeX Font Info:    Overwriting symbol font `largesymbols' in version `normal'
(Font)                  OMX/cmex/m/n --> OMX/lmex/m/n on input line 25.
LaTeX Font Info:    Overwriting symbol font `operators' in version `bold'
(Font)                  OT1/cmr/bx/n --> OT1/lmr/bx/n on input line 26.
LaTeX Font Info:    Overwriting symbol font `letters' in version `bold'
(Font)                  OML/cmm/b/it --> OML/lmm/b/it on input line 27.
LaTeX Font Info:    Overwriting symbol font `symbols' in version `bold'
(Font)                  OMS/cmsy/b/n --> OMS/lmsy/b/n on input line 28.
LaTeX Font Info:    Overwriting symbol font `largesymbols' in version `bold'
(Font)                  OMX/cmex/m/n --> OMX/lmex/m/n on input line 29.
LaTeX Font Info:    Overwriting math alphabet `\mathbf' in version `normal'
(Font)                  OT1/cmr/bx/n --> OT1/lmr/bx/n on input line 31.
LaTeX Font Info:    Overwriting math alphabet `\mathsf' in version `normal'
(Font)                  OT1/cmss/m/n --> OT1/lmss/m/n on input line 32.
LaTeX Font Info:    Overwriting math alphabet `\mathit' in version `normal'
(Font)                  OT1/cmr/m/it --> OT1/lmr/m/it on input line 33.
LaTeX Font Info:    Overwriting math alphabet `\mathtt' in version `normal'
(Font)                  OT1/cmtt/m/n --> OT1/lmtt/m/n on input line 34.
LaTeX Font Info:    Overwriting math alphabet `\mathbf' in version `bold'
(Font)                  OT1/cmr/bx/n --> OT1/lmr/bx/n on input line 35.
LaTeX Font Info:    Overwriting math alphabet `\mathsf' in version `bold'
(Font)                  OT1/cmss/bx/n --> OT1/lmss/bx/n on input line 36.
LaTeX Font Info:    Overwriting math alphabet `\mathit' in version `bold'
(Font)                  OT1/cmr/bx/it --> OT1/lmr/bx/it on input line 37.
LaTeX Font Info:    Overwriting math alphabet `\mathtt' in version `bold'
(Font)                  OT1/cmtt/m/n --> OT1/lmtt/m/n on input line 38.
) (/usr/local/texlive/2019basic/texmf-dist/tex/latex/amsfonts/amssymb.sty
Package: amssymb 2013/01/14 v3.01 AMS font symbols
(/usr/local/texlive/2019basic/texmf-dist/tex/latex/amsfonts/amsfonts.sty
Package: amsfonts 2013/01/14 v3.01 Basic AMSFonts support
\@emptytoks=\toks14
\symAMSa=\mathgroup4
\symAMSb=\mathgroup5
LaTeX Font Info:    Redeclaring math symbol \hbar on input line 98.
LaTeX Font Info:    Overwriting math alphabet `\mathfrak' in version `bold'
(Font)                  U/euf/m/n --> U/euf/b/n on input line 106.
)) (/usr/local/texlive/2019basic/texmf-dist/tex/latex/amsmath/amsmath.sty
Package: amsmath 2019/04/01 v2.17c AMS math features
\@mathmargin=\skip43
For additional information on amsmath, use the `?' option.
(/usr/local/texlive/2019basic/texmf-dist/tex/latex/amsmath/amstext.sty
Package: amstext 2000/06/29 v2.01 AMS text
(/usr/local/texlive/2019basic/texmf-dist/tex/latex/amsmath/amsgen.sty
File: amsgen.sty 1999/11/30 v2.0 generic functions
\@emptytoks=\toks15
\ex@=\dimen103
)) (/usr/local/texlive/2019basic/texmf-dist/tex/latex/amsmath/amsbsy.sty
Package: amsbsy 1999/11/29 v1.2d Bold Symbols
\pmbraise@=\dimen104
) (/usr/local/texlive/2019basic/texmf-dist/tex/latex/amsmath/amsopn.sty
Package: amsopn 2016/03/08 v2.02 operator names
)
\inf@bad=\count89
LaTeX Info: Redefining \frac on input line 227.
\uproot@=\count90
\leftroot@=\count91
LaTeX Info: Redefining \overline on input line 389.
\classnum@=\count92
\DOTSCASE@=\count93
LaTeX Info: Redefining \ldots on input line 486.
LaTeX Info: Redefining \dots on input line 489.
LaTeX Info: Redefining \cdots on input line 610.
\Mathstrutbox@=\box27
\strutbox@=\box28
\big@size=\dimen105
LaTeX Font Info:    Redeclaring font encoding OML on input line 733.
LaTeX Font Info:    Redeclaring font encoding OMS on input line 734.
\macc@depth=\count94
\c@MaxMatrixCols=\count95
\dotsspace@=\muskip10
\c@parentequation=\count96
\dspbrk@lvl=\count97
\tag@help=\toks16
\row@=\count98
\column@=\count99
\maxfields@=\count100
\andhelp@=\toks17
\eqnshift@=\dimen106
\alignsep@=\dimen107
\tagshift@=\dimen108
\tagwidth@=\dimen109
\totwidth@=\dimen110
\lineht@=\dimen111
\@envbody=\toks18
\multlinegap=\skip44
\multlinetaggap=\skip45
\mathdisplay@stack=\toks19
LaTeX Info: Redefining \[ on input line 2855.
LaTeX Info: Redefining \] on input line 2856.
) (/usr/local/texlive/2019basic/texmf-dist/tex/generic/ifxetex/ifxetex.sty
Package: ifxetex 2010/09/12 v0.6 Provides ifxetex conditional
) (/usr/local/texlive/2019basic/texmf-dist/tex/generic/oberdiek/ifluatex.sty
Package: ifluatex 2016/05/16 v1.4 Provides the ifluatex switch (HO)
Package ifluatex Info: LuaTeX not detected.
) (/usr/local/texlive/2019basic/texmf-dist/tex/latex/base/fixltx2e.sty
Package: fixltx2e 2016/12/29 v2.1a fixes to LaTeX (obsolete)
Applying: [2015/01/01] Old fixltx2e package on input line 46.

Package fixltx2e Warning: fixltx2e is not required with releases after 2015
(fixltx2e)                All fixes are now in the LaTeX kernel.
(fixltx2e)                See the latexrelease package for details.

Already applied: [0000/00/00] Old fixltx2e package on input line 53.
) (/usr/local/texlive/2019basic/texmf-dist/tex/latex/base/fontenc.sty
Package: fontenc 2018/08/11 v2.0j Standard LaTeX package
(/usr/local/texlive/2019basic/texmf-dist/tex/latex/base/t1enc.def
File: t1enc.def 2018/08/11 v2.0j Standard LaTeX file
LaTeX Font Info:    Redeclaring font encoding T1 on input line 48.
)) (/usr/local/texlive/2019basic/texmf-dist/tex/latex/base/inputenc.sty
Package: inputenc 2018/08/11 v1.3c Input encoding file
\inpenc@prehook=\toks20
\inpenc@posthook=\toks21
) (/usr/local/texlive/2019basic/texmf-dist/tex/latex/base/textcomp.sty
Package: textcomp 2018/08/11 v2.0j Standard LaTeX package
Package textcomp Info: Sub-encoding information:
(textcomp)               5 = only ISO-Adobe without \textcurrency
(textcomp)               4 = 5 + \texteuro
(textcomp)               3 = 4 + \textohm
(textcomp)               2 = 3 + \textestimated + \textcurrency
(textcomp)               1 = TS1 - \textcircled - \t
(textcomp)               0 = TS1 (full)
(textcomp)             Font families with sub-encoding setting implement
(textcomp)             only a restricted character set as indicated.
(textcomp)             Family '?' is the default used for unknown fonts.
(textcomp)             See the documentation for details.
Package textcomp Info: Setting ? sub-encoding to TS1/1 on input line 79.
(/usr/local/texlive/2019basic/texmf-dist/tex/latex/base/ts1enc.def
File: ts1enc.def 2001/06/05 v3.0e (jk/car/fm) Standard LaTeX file
Now handling font encoding TS1 ...
... processing UTF-8 mapping file for font encoding TS1
(/usr/local/texlive/2019basic/texmf-dist/tex/latex/base/ts1enc.dfu
File: ts1enc.dfu 2019/07/11 v1.2j UTF-8 support for inputenc
   defining Unicode char U+00A2 (decimal 162)
   defining Unicode char U+00A3 (decimal 163)
   defining Unicode char U+00A4 (decimal 164)
   defining Unicode char U+00A5 (decimal 165)
   defining Unicode char U+00A6 (decimal 166)
   defining Unicode char U+00A7 (decimal 167)
   defining Unicode char U+00A8 (decimal 168)
   defining Unicode char U+00A9 (decimal 169)
   defining Unicode char U+00AA (decimal 170)
   defining Unicode char U+00AC (decimal 172)
   defining Unicode char U+00AE (decimal 174)
   defining Unicode char U+00AF (decimal 175)
   defining Unicode char U+00B0 (decimal 176)
   defining Unicode char U+00B1 (decimal 177)
   defining Unicode char U+00B2 (decimal 178)
   defining Unicode char U+00B3 (decimal 179)
   defining Unicode char U+00B4 (decimal 180)
   defining Unicode char U+00B5 (decimal 181)
   defining Unicode char U+00B6 (decimal 182)
   defining Unicode char U+00B7 (decimal 183)
   defining Unicode char U+00B9 (decimal 185)
   defining Unicode char U+00BA (decimal 186)
   defining Unicode char U+00BC (decimal 188)
   defining Unicode char U+00BD (decimal 189)
   defining Unicode char U+00BE (decimal 190)
   defining Unicode char U+00D7 (decimal 215)
   defining Unicode char U+00F7 (decimal 247)
   defining Unicode char U+0192 (decimal 402)
   defining Unicode char U+02C7 (decimal 711)
   defining Unicode char U+02D8 (decimal 728)
   defining Unicode char U+02DD (decimal 733)
   defining Unicode char U+0E3F (decimal 3647)
   defining Unicode char U+2016 (decimal 8214)
   defining Unicode char U+2020 (decimal 8224)
   defining Unicode char U+2021 (decimal 8225)
   defining Unicode char U+2022 (decimal 8226)
   defining Unicode char U+2030 (decimal 8240)
   defining Unicode char U+2031 (decimal 8241)
   defining Unicode char U+203B (decimal 8251)
   defining Unicode char U+203D (decimal 8253)
   defining Unicode char U+2044 (decimal 8260)
   defining Unicode char U+204E (decimal 8270)
   defining Unicode char U+2052 (decimal 8274)
   defining Unicode char U+20A1 (decimal 8353)
   defining Unicode char U+20A4 (decimal 8356)
   defining Unicode char U+20A6 (decimal 8358)
   defining Unicode char U+20A9 (decimal 8361)
   defining Unicode char U+20AB (decimal 8363)
   defining Unicode char U+20AC (decimal 8364)
   defining Unicode char U+20B1 (decimal 8369)
   defining Unicode char U+2103 (decimal 8451)
   defining Unicode char U+2116 (decimal 8470)
   defining Unicode char U+2117 (decimal 8471)
   defining Unicode char U+211E (decimal 8478)
   defining Unicode char U+2120 (decimal 8480)
   defining Unicode char U+2122 (decimal 8482)
   defining Unicode char U+2126 (decimal 8486)
   defining Unicode char U+2127 (decimal 8487)
   defining Unicode char U+212E (decimal 8494)
   defining Unicode char U+2190 (decimal 8592)
   defining Unicode char U+2191 (decimal 8593)
   defining Unicode char U+2192 (decimal 8594)
   defining Unicode char U+2193 (decimal 8595)
   defining Unicode char U+2329 (decimal 9001)
   defining Unicode char U+232A (decimal 9002)
   defining Unicode char U+2422 (decimal 9250)
   defining Unicode char U+25E6 (decimal 9702)
   defining Unicode char U+25EF (decimal 9711)
   defining Unicode char U+266A (decimal 9834)
   defining Unicode char U+27E8 (decimal 10216)
   defining Unicode char U+27E9 (decimal 10217)
   defining Unicode char U+FEFF (decimal 65279)
))
LaTeX Info: Redefining \oldstylenums on input line 334.
Package textcomp Info: Setting cmr sub-encoding to TS1/0 on input line 349.
Package textcomp Info: Setting cmss sub-encoding to TS1/0 on input line 350.
Package textcomp Info: Setting cmtt sub-encoding to TS1/0 on input line 351.
Package textcomp Info: Setting cmvtt sub-encoding to TS1/0 on input line 352.
Package textcomp Info: Setting cmbr sub-encoding to TS1/0 on input line 353.
Package textcomp Info: Setting cmtl sub-encoding to TS1/0 on input line 354.
Package textcomp Info: Setting ccr sub-encoding to TS1/0 on input line 355.
Package textcomp Info: Setting ptm sub-encoding to TS1/4 on input line 356.
Package textcomp Info: Setting pcr sub-encoding to TS1/4 on input line 357.
Package textcomp Info: Setting phv sub-encoding to TS1/4 on input line 358.
Package textcomp Info: Setting ppl sub-encoding to TS1/3 on input line 359.
Package textcomp Info: Setting pag sub-encoding to TS1/4 on input line 360.
Package textcomp Info: Setting pbk sub-encoding to TS1/4 on input line 361.
Package textcomp Info: Setting pnc sub-encoding to TS1/4 on input line 362.
Package textcomp Info: Setting pzc sub-encoding to TS1/4 on input line 363.
Package textcomp Info: Setting bch sub-encoding to TS1/4 on input line 364.
Package textcomp Info: Setting put sub-encoding to TS1/5 on input line 365.
Package textcomp Info: Setting uag sub-encoding to TS1/5 on input line 366.
Package textcomp Info: Setting ugq sub-encoding to TS1/5 on input line 367.
Package textcomp Info: Setting ul8 sub-encoding to TS1/4 on input line 368.
Package textcomp Info: Setting ul9 sub-encoding to TS1/4 on input line 369.
Package textcomp Info: Setting augie sub-encoding to TS1/5 on input line 370.
Package textcomp Info: Setting dayrom sub-encoding to TS1/3 on input line 371.
Package textcomp Info: Setting dayroms sub-encoding to TS1/3 on input line 372.

Package textcomp Info: Setting pxr sub-encoding to TS1/0 on input line 373.
Package textcomp Info: Setting pxss sub-encoding to TS1/0 on input line 374.
Package textcomp Info: Setting pxtt sub-encoding to TS1/0 on input line 375.
Package textcomp Info: Setting txr sub-encoding to TS1/0 on input line 376.
Package textcomp Info: Setting txss sub-encoding to TS1/0 on input line 377.
Package textcomp Info: Setting txtt sub-encoding to TS1/0 on input line 378.
Package textcomp Info: Setting lmr sub-encoding to TS1/0 on input line 379.
Package textcomp Info: Setting lmdh sub-encoding to TS1/0 on input line 380.
Package textcomp Info: Setting lmss sub-encoding to TS1/0 on input line 381.
Package textcomp Info: Setting lmssq sub-encoding to TS1/0 on input line 382.
Package textcomp Info: Setting lmvtt sub-encoding to TS1/0 on input line 383.
Package textcomp Info: Setting lmtt sub-encoding to TS1/0 on input line 384.
Package textcomp Info: Setting qhv sub-encoding to TS1/0 on input line 385.
Package textcomp Info: Setting qag sub-encoding to TS1/0 on input line 386.
Package textcomp Info: Setting qbk sub-encoding to TS1/0 on input line 387.
Package textcomp Info: Setting qcr sub-encoding to TS1/0 on input line 388.
Package textcomp Info: Setting qcs sub-encoding to TS1/0 on input line 389.
Package textcomp Info: Setting qpl sub-encoding to TS1/0 on input line 390.
Package textcomp Info: Setting qtm sub-encoding to TS1/0 on input line 391.
Package textcomp Info: Setting qzc sub-encoding to TS1/0 on input line 392.
Package textcomp Info: Setting qhvc sub-encoding to TS1/0 on input line 393.
Package textcomp Info: Setting futs sub-encoding to TS1/4 on input line 394.
Package textcomp Info: Setting futx sub-encoding to TS1/4 on input line 395.
Package textcomp Info: Setting futj sub-encoding to TS1/4 on input line 396.
Package textcomp Info: Setting hlh sub-encoding to TS1/3 on input line 397.
Package textcomp Info: Setting hls sub-encoding to TS1/3 on input line 398.
Package textcomp Info: Setting hlst sub-encoding to TS1/3 on input line 399.
Package textcomp Info: Setting hlct sub-encoding to TS1/5 on input line 400.
Package textcomp Info: Setting hlx sub-encoding to TS1/5 on input line 401.
Package textcomp Info: Setting hlce sub-encoding to TS1/5 on input line 402.
Package textcomp Info: Setting hlcn sub-encoding to TS1/5 on input line 403.
Package textcomp Info: Setting hlcw sub-encoding to TS1/5 on input line 404.
Package textcomp Info: Setting hlcf sub-encoding to TS1/5 on input line 405.
Package textcomp Info: Setting pplx sub-encoding to TS1/3 on input line 406.
Package textcomp Info: Setting pplj sub-encoding to TS1/3 on input line 407.
Package textcomp Info: Setting ptmx sub-encoding to TS1/4 on input line 408.
Package textcomp Info: Setting ptmj sub-encoding to TS1/4 on input line 409.
) (/usr/local/texlive/2019basic/texmf-dist/tex/latex/upquote/upquote.sty
Package: upquote 2012/04/19 v1.3 upright-quote and grave-accent glyphs in verba
tim
) (/usr/local/texlive/2019basic/texmf-dist/tex/latex/microtype/microtype.sty
Package: microtype 2019/02/28 v2.7b Micro-typographical refinements (RS)
(/usr/local/texlive/2019basic/texmf-dist/tex/latex/graphics/keyval.sty
Package: keyval 2014/10/28 v1.15 key=value parser (DPC)
\KV@toks@=\toks22
)
\MT@toks=\toks23
\MT@count=\count101
LaTeX Info: Redefining \textls on input line 790.
\MT@outer@kern=\dimen112
LaTeX Info: Redefining \textmicrotypecontext on input line 1336.
\MT@listname@count=\count102

(/usr/local/texlive/2019basic/texmf-dist/tex/latex/microtype/microtype-pdftex.d
ef
File: microtype-pdftex.def 2019/02/28 v2.7b Definitions specific to pdftex (RS)

LaTeX Info: Redefining \lsstyle on input line 914.
LaTeX Info: Redefining \lslig on input line 914.
\MT@outer@space=\skip46
)
Package microtype Info: Loading configuration file microtype.cfg.
(/usr/local/texlive/2019basic/texmf-dist/tex/latex/microtype/microtype.cfg
File: microtype.cfg 2019/02/28 v2.7b microtype main configuration file (RS)
)) (/usr/local/texlive/2019basic/texmf-dist/tex/latex/parskip/parskip.sty
Package: parskip 2019-01-16 v2.0c non-zero parskip adjustments
(/usr/local/texlive/2019basic/texmf-dist/tex/latex/oberdiek/kvoptions.sty
Package: kvoptions 2016/05/16 v3.12 Key value format for package options (HO)
(/usr/local/texlive/2019basic/texmf-dist/tex/generic/oberdiek/ltxcmds.sty
Package: ltxcmds 2016/05/16 v1.23 LaTeX kernel commands for general use (HO)
) (/usr/local/texlive/2019basic/texmf-dist/tex/generic/oberdiek/kvsetkeys.sty
Package: kvsetkeys 2016/05/16 v1.17 Key value parser (HO)
(/usr/local/texlive/2019basic/texmf-dist/tex/generic/oberdiek/infwarerr.sty
Package: infwarerr 2016/05/16 v1.4 Providing info/warning/error messages (HO)
) (/usr/local/texlive/2019basic/texmf-dist/tex/generic/oberdiek/etexcmds.sty
Package: etexcmds 2016/05/16 v1.6 Avoid name clashes with e-TeX commands (HO)
))) (/usr/local/texlive/2019basic/texmf-dist/tex/latex/etoolbox/etoolbox.sty
Package: etoolbox 2019/09/21 v2.5h e-TeX tools for LaTeX (JAW)
\etb@tempcnta=\count103
)) (/usr/local/texlive/2019basic/texmf-dist/tex/latex/hyperref/hyperref.sty
Package: hyperref 2019/09/28 v7.00a Hypertext links for LaTeX

(/usr/local/texlive/2019basic/texmf-dist/tex/generic/oberdiek/hobsub-hyperref.s
ty
Package: hobsub-hyperref 2016/05/16 v1.14 Bundle oberdiek, subset hyperref (HO)


(/usr/local/texlive/2019basic/texmf-dist/tex/generic/oberdiek/hobsub-generic.st
y
Package: hobsub-generic 2016/05/16 v1.14 Bundle oberdiek, subset generic (HO)
Package: hobsub 2016/05/16 v1.14 Construct package bundles (HO)
Package hobsub Info: Skipping package `infwarerr' (already loaded).
Package hobsub Info: Skipping package `ltxcmds' (already loaded).
Package hobsub Info: Skipping package `ifluatex' (already loaded).
Package: ifvtex 2016/05/16 v1.6 Detect VTeX and its facilities (HO)
Package ifvtex Info: VTeX not detected.
Package: intcalc 2016/05/16 v1.2 Expandable calculations with integers (HO)
Package: ifpdf 2018/09/07 v3.3 Provides the ifpdf switch
Package hobsub Info: Skipping package `etexcmds' (already loaded).
Package hobsub Info: Skipping package `kvsetkeys' (already loaded).
Package: kvdefinekeys 2016/05/16 v1.4 Define keys (HO)
Package: pdftexcmds 2019/07/25 v0.30 Utility functions of pdfTeX for LuaTeX (HO
)
Package pdftexcmds Info: LuaTeX not detected.
Package pdftexcmds Info: \pdf@primitive is available.
Package pdftexcmds Info: \pdf@ifprimitive is available.
Package pdftexcmds Info: \pdfdraftmode found.
Package: pdfescape 2016/05/16 v1.14 Implements pdfTeX's escape features (HO)
Package: bigintcalc 2016/05/16 v1.4 Expandable calculations on big integers (HO
)
Package: bitset 2016/05/16 v1.2 Handle bit-vector datatype (HO)
Package: uniquecounter 2016/05/16 v1.3 Provide unlimited unique counter (HO)
)
Package hobsub Info: Skipping package `hobsub' (already loaded).
Package: letltxmacro 2016/05/16 v1.5 Let assignment for LaTeX macros (HO)
Package: hopatch 2016/05/16 v1.3 Wrapper for package hooks (HO)
Package: xcolor-patch 2016/05/16 xcolor patch
Package: atveryend 2016/05/16 v1.9 Hooks at the very end of document (HO)
Package: atbegshi 2016/06/09 v1.18 At begin shipout hook (HO)
Package: refcount 2016/05/16 v3.5 Data extraction from label references (HO)
Package: hycolor 2016/05/16 v1.8 Color options for hyperref/bookmark (HO)
) (/usr/local/texlive/2019basic/texmf-dist/tex/latex/oberdiek/auxhook.sty
Package: auxhook 2016/05/16 v1.4 Hooks for auxiliary files (HO)
)
\@linkdim=\dimen113
\Hy@linkcounter=\count104
\Hy@pagecounter=\count105
(/usr/local/texlive/2019basic/texmf-dist/tex/latex/hyperref/pd1enc.def
File: pd1enc.def 2019/09/28 v7.00a Hyperref: PDFDocEncoding definition (HO)
Now handling font encoding PD1 ...
... no UTF-8 mapping file for font encoding PD1
)
\Hy@SavedSpaceFactor=\count106
(/usr/local/texlive/2019basic/texmf-dist/tex/latex/latexconfig/hyperref.cfg
File: hyperref.cfg 2002/06/06 v1.2 hyperref configuration of TeXLive
)
Package hyperref Info: Option `unicode' set `true' on input line 4414.
(/usr/local/texlive/2019basic/texmf-dist/tex/latex/hyperref/puenc.def
File: puenc.def 2019/09/28 v7.00a Hyperref: PDF Unicode definition (HO)
Now handling font encoding PU ...
... no UTF-8 mapping file for font encoding PU
)
Package hyperref Info: Hyper figures OFF on input line 4540.
Package hyperref Info: Link nesting OFF on input line 4545.
Package hyperref Info: Hyper index ON on input line 4548.
Package hyperref Info: Plain pages OFF on input line 4555.
Package hyperref Info: Backreferencing OFF on input line 4560.
Package hyperref Info: Implicit mode ON; LaTeX internals redefined.
Package hyperref Info: Bookmarks ON on input line 4793.
\c@Hy@tempcnt=\count107
(/usr/local/texlive/2019basic/texmf-dist/tex/latex/url/url.sty
\Urlmuskip=\muskip11
Package: url 2013/09/16  ver 3.4  Verb mode for urls, etc.
)
LaTeX Info: Redefining \url on input line 5152.
\XeTeXLinkMargin=\dimen114
\Fld@menulength=\count108
\Field@Width=\dimen115
\Fld@charsize=\dimen116
Package hyperref Info: Hyper figures OFF on input line 6423.
Package hyperref Info: Link nesting OFF on input line 6428.
Package hyperref Info: Hyper index ON on input line 6431.
Package hyperref Info: backreferencing OFF on input line 6438.
Package hyperref Info: Link coloring OFF on input line 6443.
Package hyperref Info: Link coloring with OCG OFF on input line 6448.
Package hyperref Info: PDF/A mode OFF on input line 6453.
LaTeX Info: Redefining \ref on input line 6493.
LaTeX Info: Redefining \pageref on input line 6497.
\Hy@abspage=\count109
\c@Item=\count110
\c@Hfootnote=\count111
)
Package hyperref Info: Driver (autodetected): hpdftex.
(/usr/local/texlive/2019basic/texmf-dist/tex/latex/hyperref/hpdftex.def
File: hpdftex.def 2019/09/28 v7.00a Hyperref driver for pdfTeX
\Fld@listcount=\count112
\c@bookmark@seq@number=\count113
(/usr/local/texlive/2019basic/texmf-dist/tex/latex/oberdiek/rerunfilecheck.sty
Package: rerunfilecheck 2016/05/16 v1.8 Rerun checks for auxiliary files (HO)
Package uniquecounter Info: New unique counter `rerunfilecheck' on input line 2
82.
)
\Hy@SectionHShift=\skip47
)
Package hyperref Info: Option `breaklinks' set `true' on input line 35.
(/usr/local/texlive/2019basic/texmf-dist/tex/latex/graphics/color.sty
Package: color 2016/07/10 v1.1e Standard LaTeX Color (DPC)
(/usr/local/texlive/2019basic/texmf-dist/tex/latex/graphics-cfg/color.cfg
File: color.cfg 2016/01/02 v1.6 sample color configuration
)
Package color Info: Driver file: pdftex.def on input line 147.
(/usr/local/texlive/2019basic/texmf-dist/tex/latex/graphics-def/pdftex.def
File: pdftex.def 2018/01/08 v1.0l Graphics/color driver for pdftex
)) (/usr/local/texlive/2019basic/texmf-dist/tex/latex/fancyvrb/fancyvrb.sty
Package: fancyvrb 2019/01/15
Style option: `fancyvrb' v3.2a <2019/01/15> (tvz)
\FV@CodeLineNo=\count114
\FV@InFile=\read1
\FV@TabBox=\box29
\c@FancyVerbLine=\count115
\FV@StepNumber=\count116
\FV@OutFile=\write3
) (/usr/local/texlive/2019basic/texmf-dist/tex/latex/framed/framed.sty
Package: framed 2011/10/22 v 0.96: framed or shaded text with page breaks
\OuterFrameSep=\skip48
\fb@frw=\dimen117
\fb@frh=\dimen118
\FrameRule=\dimen119
\FrameSep=\dimen120
) (/usr/local/texlive/2019basic/texmf-dist/tex/latex/tools/longtable.sty
Package: longtable 2019/02/06 v4.12 Multi-page Table package (DPC)
\LTleft=\skip49
\LTright=\skip50
\LTpre=\skip51
\LTpost=\skip52
\LTchunksize=\count117
\LTcapwidth=\dimen121
\LT@head=\box30
\LT@firsthead=\box31
\LT@foot=\box32
\LT@lastfoot=\box33
\LT@cols=\count118
\LT@rows=\count119
\c@LT@tables=\count120
\c@LT@chunks=\count121
\LT@p@ftn=\toks24
) (/usr/local/texlive/2019basic/texmf-dist/tex/latex/booktabs/booktabs.sty
Package: booktabs 2019/10/08 v1.6180339 publication quality tables
\heavyrulewidth=\dimen122
\lightrulewidth=\dimen123
\cmidrulewidth=\dimen124
\belowrulesep=\dimen125
\belowbottomsep=\dimen126
\aboverulesep=\dimen127
\abovetopsep=\dimen128
\cmidrulesep=\dimen129
\cmidrulekern=\dimen130
\defaultaddspace=\dimen131
\@cmidla=\count122
\@cmidlb=\count123
\@aboverulesep=\dimen132
\@belowrulesep=\dimen133
\@thisruleclass=\count124
\@lastruleclass=\count125
\@thisrulewidth=\dimen134
) (/usr/local/texlive/2019basic/texmf-dist/tex/latex/mdwtools/footnote.sty
Package: footnote 1997/01/28 1.13 Save footnotes around boxes
\fn@notes=\box34
\fn@width=\dimen135
) (/usr/local/texlive/2019basic/texmf-dist/tex/latex/graphics/graphicx.sty
Package: graphicx 2017/06/01 v1.1a Enhanced LaTeX Graphics (DPC,SPQR)
(/usr/local/texlive/2019basic/texmf-dist/tex/latex/graphics/graphics.sty
Package: graphics 2019/07/20 v1.3b Standard LaTeX Graphics (DPC,SPQR)
(/usr/local/texlive/2019basic/texmf-dist/tex/latex/graphics/trig.sty
Package: trig 2016/01/03 v1.10 sin cos tan (DPC)
) (/usr/local/texlive/2019basic/texmf-dist/tex/latex/graphics-cfg/graphics.cfg
File: graphics.cfg 2016/06/04 v1.11 sample graphics configuration
)
Package graphics Info: Driver file: pdftex.def on input line 105.
)
\Gin@req@height=\dimen136
\Gin@req@width=\dimen137
) (/usr/local/texlive/2019basic/texmf-dist/tex/latex/oberdiek/grffile.sty
Package: grffile 2017/06/30 v1.18 Extended file name support for graphics (HO)
Package grffile Info: Option `multidot' is set to `true'.
Package grffile Info: Option `extendedchars' is set to `false'.
Package grffile Info: Option `space' is set to `true'.
Package grffile Info: \Gin@ii of package `graphicx' fixed on input line 494.
) (/usr/local/texlive/2019basic/texmf-dist/tex/latex/titling/titling.sty
Package: titling 2009/09/04 v2.1d maketitle typesetting
\thanksmarkwidth=\skip53
\thanksmargin=\skip54
\droptitle=\skip55
) (./_main.aux)
\openout1 = `_main.aux'.

LaTeX Font Info:    Checking defaults for OML/cmm/m/it on input line 135.
LaTeX Font Info:    ... okay on input line 135.
LaTeX Font Info:    Checking defaults for T1/cmr/m/n on input line 135.
LaTeX Font Info:    ... okay on input line 135.
LaTeX Font Info:    Checking defaults for OT1/cmr/m/n on input line 135.
LaTeX Font Info:    ... okay on input line 135.
LaTeX Font Info:    Checking defaults for OMS/cmsy/m/n on input line 135.
LaTeX Font Info:    ... okay on input line 135.
LaTeX Font Info:    Checking defaults for OMX/cmex/m/n on input line 135.
LaTeX Font Info:    ... okay on input line 135.
LaTeX Font Info:    Checking defaults for U/cmr/m/n on input line 135.
LaTeX Font Info:    ... okay on input line 135.
LaTeX Font Info:    Checking defaults for TS1/cmr/m/n on input line 135.
LaTeX Font Info:    Trying to load font information for TS1+cmr on input line 1
35.
(/usr/local/texlive/2019basic/texmf-dist/tex/latex/base/ts1cmr.fd
File: ts1cmr.fd 2014/09/29 v2.5h Standard LaTeX font definitions
)
LaTeX Font Info:    ... okay on input line 135.
LaTeX Font Info:    Checking defaults for PD1/pdf/m/n on input line 135.
LaTeX Font Info:    ... okay on input line 135.
LaTeX Font Info:    Checking defaults for PU/pdf/m/n on input line 135.
LaTeX Font Info:    ... okay on input line 135.
LaTeX Font Info:    Trying to load font information for T1+lmr on input line 13
5.
(/usr/local/texlive/2019basic/texmf-dist/tex/latex/lm/t1lmr.fd
File: t1lmr.fd 2009/10/30 v1.6 Font defs for Latin Modern
)
LaTeX Info: Redefining \microtypecontext on input line 135.
Package microtype Info: Generating PDF output.
Package microtype Info: Character protrusion enabled (level 2).
Package microtype Info: Using protrusion set `basicmath'.
Package microtype Info: Automatic font expansion enabled (level 2),
(microtype)             stretch: 20, shrink: 20, step: 1, non-selected.
Package microtype Info: Using default expansion set `basictext'.

LaTeX Warning: Command \showhyphens  has changed.
               Check if current package is valid.

Package microtype Info: No adjustment of tracking.
Package microtype Info: No adjustment of interword spacing.
Package microtype Info: No adjustment of character kerning.
(/usr/local/texlive/2019basic/texmf-dist/tex/latex/microtype/mt-cmr.cfg
File: mt-cmr.cfg 2013/05/19 v2.2 microtype config. file: Computer Modern Roman 
(RS)
)
\AtBeginShipoutBox=\box35
Package hyperref Info: Link coloring OFF on input line 135.
(/usr/local/texlive/2019basic/texmf-dist/tex/latex/hyperref/nameref.sty
Package: nameref 2019/09/16 v2.46 Cross-referencing by name of section

(/usr/local/texlive/2019basic/texmf-dist/tex/generic/oberdiek/gettitlestring.st
y
Package: gettitlestring 2016/05/16 v1.5 Cleanup title references (HO)
)
\c@section@level=\count126
)
LaTeX Info: Redefining \ref on input line 135.
LaTeX Info: Redefining \pageref on input line 135.
LaTeX Info: Redefining \nameref on input line 135.
(./_main.out) (./_main.out)
\@outlinefile=\write4
\openout4 = `_main.out'.

(/usr/local/texlive/2019basic/texmf-dist/tex/context/base/mkii/supp-pdf.mkii
[Loading MPS to PDF converter (version 2006.09.02).]
\scratchcounter=\count127
\scratchdimen=\dimen138
\scratchbox=\box36
\nofMPsegments=\count128
\nofMParguments=\count129
\everyMPshowfont=\toks25
\MPscratchCnt=\count130
\MPscratchDim=\dimen139
\MPnumerator=\count131
\makeMPintoPDFobject=\count132
\everyMPtoPDFconversion=\toks26
) (/usr/local/texlive/2019basic/texmf-dist/tex/latex/oberdiek/epstopdf-base.sty
Package: epstopdf-base 2016/05/15 v2.6 Base part for package epstopdf
(/usr/local/texlive/2019basic/texmf-dist/tex/latex/oberdiek/grfext.sty
Package: grfext 2016/05/16 v1.2 Manage graphics extensions (HO)
)
Package epstopdf-base Info: Redefining graphics rule for `.eps' on input line 4
38.
Package grfext Info: Graphics extension search list:
(grfext)             [.pdf,.png,.jpg,.mps,.jpeg,.jbig2,.jb2,.PDF,.PNG,.JPG,.JPE
G,.JBIG2,.JB2,.eps]
(grfext)             \AppendGraphicsExtensions on input line 456.

(/usr/local/texlive/2019basic/texmf-dist/tex/latex/latexconfig/epstopdf-sys.cfg
File: epstopdf-sys.cfg 2010/07/13 v1.3 Configuration of (r)epstopdf for TeX Liv
e
)) [1


{/usr/local/texlive/2019basic/texmf-var/fonts/map/pdftex/updmap/pdftex.map}] [2

] (./_main.toc
LaTeX Font Info:    Trying to load font information for OT1+lmr on input line 3
.
(/usr/local/texlive/2019basic/texmf-dist/tex/latex/lm/ot1lmr.fd
File: ot1lmr.fd 2009/10/30 v1.6 Font defs for Latin Modern
)
LaTeX Font Info:    Trying to load font information for OML+lmm on input line 3
.
(/usr/local/texlive/2019basic/texmf-dist/tex/latex/lm/omllmm.fd
File: omllmm.fd 2009/10/30 v1.6 Font defs for Latin Modern
)
LaTeX Font Info:    Trying to load font information for OMS+lmsy on input line 
3.
(/usr/local/texlive/2019basic/texmf-dist/tex/latex/lm/omslmsy.fd
File: omslmsy.fd 2009/10/30 v1.6 Font defs for Latin Modern
)
LaTeX Font Info:    Trying to load font information for OMX+lmex on input line 
3.
(/usr/local/texlive/2019basic/texmf-dist/tex/latex/lm/omxlmex.fd
File: omxlmex.fd 2009/10/30 v1.6 Font defs for Latin Modern
)
LaTeX Font Info:    External font `lmex10' loaded for size
(Font)              <10> on input line 3.
LaTeX Font Info:    External font `lmex10' loaded for size
(Font)              <7> on input line 3.
LaTeX Font Info:    External font `lmex10' loaded for size
(Font)              <5> on input line 3.
LaTeX Font Info:    Trying to load font information for U+msa on input line 3.
(/usr/local/texlive/2019basic/texmf-dist/tex/latex/amsfonts/umsa.fd
File: umsa.fd 2013/01/14 v3.01 AMS symbols A
) (/usr/local/texlive/2019basic/texmf-dist/tex/latex/microtype/mt-msa.cfg
File: mt-msa.cfg 2006/02/04 v1.1 microtype config. file: AMS symbols (a) (RS)
)
LaTeX Font Info:    Trying to load font information for U+msb on input line 3.
(/usr/local/texlive/2019basic/texmf-dist/tex/latex/amsfonts/umsb.fd
File: umsb.fd 2013/01/14 v3.01 AMS symbols B
) (/usr/local/texlive/2019basic/texmf-dist/tex/latex/microtype/mt-msb.cfg
File: mt-msb.cfg 2005/06/01 v1.0 microtype config. file: AMS symbols (b) (RS)
) [3])
\tf@toc=\write5
\openout5 = `_main.toc'.

[4]
Chapter 1.
[5

] [6

]
Chapter 2.
[7] [8]
LaTeX Font Info:    Trying to load font information for TS1+lmr on input line 1
92.
(/usr/local/texlive/2019basic/texmf-dist/tex/latex/lm/ts1lmr.fd
File: ts1lmr.fd 2009/10/30 v1.6 Font defs for Latin Modern
)
LaTeX Font Info:    External font `lmex10' loaded for size
(Font)              <8> on input line 203.
LaTeX Font Info:    External font `lmex10' loaded for size
(Font)              <6> on input line 203.
[9]
LaTeX Font Info:    Trying to load font information for T1+lmtt on input line 2
34.
(/usr/local/texlive/2019basic/texmf-dist/tex/latex/lm/t1lmtt.fd
File: t1lmtt.fd 2009/10/30 v1.6 Font defs for Latin Modern
) [10] [11] [12

]
Chapter 3.

Underfull \hbox (badness 10000) in paragraph at lines 260--261
[][]$\T1/lmr/m/n/10 (-7) https : / / melissaterras . ^^\les . wordpress . com /
 2020 / 01 / selectioncriterianewspapers _
 []

[13]
<"_main_files/figure-latex/""jisc-bar-1".pdf, id=416, 469.755pt x 325.215pt>
File: "_main_files/figure-latex/""jisc-bar-1".pdf Graphic file (type pdf)
<use "_main_files/figure-latex/""jisc-bar-1".pdf>
Package pdftex.def Info: "_main_files/figure-latex/""jisc-bar-1".pdf  used on i
nput line 280.
(pdftex.def)             Requested size: 344.997pt x 238.84406pt.

LaTeX Warning: Reference `fig:jisc-points' on page 14 undefined on input line 2
86.


LaTeX Warning: Reference `fig:jisc-map' on page 14 undefined on input line 286.


[14] [15 <./_main_files/figure-latex/jisc-bar-1.pdf>]
Underfull \vbox (badness 10000) has occurred while \output is active []

[16]
<"_main_files/figure-latex/""bna-chart-1".pdf, id=464, 469.755pt x 325.215pt>
File: "_main_files/figure-latex/""bna-chart-1".pdf Graphic file (type pdf)
<use "_main_files/figure-latex/""bna-chart-1".pdf>
Package pdftex.def Info: "_main_files/figure-latex/""bna-chart-1".pdf  used on 
input line 336.
(pdftex.def)             Requested size: 344.997pt x 238.84406pt.
<"_main_files/figure-latex/""bna-titles-map-1".pdf, id=465, 469.755pt x 325.215
pt>
File: "_main_files/figure-latex/""bna-titles-map-1".pdf Graphic file (type pdf)

<use "_main_files/figure-latex/""bna-titles-map-1".pdf>
Package pdftex.def Info: "_main_files/figure-latex/""bna-titles-map-1".pdf  use
d on input line 342.
(pdftex.def)             Requested size: 344.997pt x 238.84406pt.
[17] [18 <./_main_files/figure-latex/bna-chart-1.pdf> <./_main_files/figure-lat
ex/bna-titles-map-1.pdf>] [19] [20]
Chapter 4.
[21

] [22]
<"_main_files/figure-latex/""unnamed-chunk-24-1".png, id=532, 469.755pt x 325.2
15pt>
File: "_main_files/figure-latex/""unnamed-chunk-24-1".png Graphic file (type pn
g)
<use "_main_files/figure-latex/""unnamed-chunk-24-1".png>
Package pdftex.def Info: "_main_files/figure-latex/""unnamed-chunk-24-1".png  u
sed on input line 445.
(pdftex.def)             Requested size: 344.997pt x 238.84406pt.
LaTeX Font Info:    Font shape `T1/lmtt/bx/n' in size <10> not available
(Font)              Font shape `T1/lmtt/b/n' tried instead on input line 456.

Underfull \vbox (badness 4819) has occurred while \output is active []


Overfull \hbox (0.52312pt too wide) has occurred while \output is active
\T1/lmr/m/sl/10 4.4.  EXTRACT PREDICTED WORD SCORES FROM THE ALTO PAGES \T1/lmr
/m/n/10 23
 []

[23] [24 <./_main_files/figure-latex/unnamed-chunk-24-1.png>]
<"_main_files/figure-latex/""unnamed-chunk-27-1".png, id=550, 469.755pt x 325.2
15pt>
File: "_main_files/figure-latex/""unnamed-chunk-27-1".png Graphic file (type pn
g)
<use "_main_files/figure-latex/""unnamed-chunk-27-1".png>
Package pdftex.def Info: "_main_files/figure-latex/""unnamed-chunk-27-1".png  u
sed on input line 523.
(pdftex.def)             Requested size: 344.997pt x 238.84406pt.
<"_main_files/figure-latex/""unnamed-chunk-28-1".png, id=551, 469.755pt x 325.2
15pt>
File: "_main_files/figure-latex/""unnamed-chunk-28-1".png Graphic file (type pn
g)
<use "_main_files/figure-latex/""unnamed-chunk-28-1".png>
Package pdftex.def Info: "_main_files/figure-latex/""unnamed-chunk-28-1".png  u
sed on input line 536.
(pdftex.def)             Requested size: 344.997pt x 238.84406pt.
[25] [26 <./_main_files/figure-latex/unnamed-chunk-27-1.png>]
<"_main_files/figure-latex/""unnamed-chunk-29-1".png, id=566, 469.755pt x 325.2
15pt>
File: "_main_files/figure-latex/""unnamed-chunk-29-1".png Graphic file (type pn
g)
<use "_main_files/figure-latex/""unnamed-chunk-29-1".png>
Package pdftex.def Info: "_main_files/figure-latex/""unnamed-chunk-29-1".png  u
sed on input line 544.
(pdftex.def)             Requested size: 344.997pt x 238.84406pt.

Underfull \vbox (badness 10000) has occurred while \output is active []

[27 <./_main_files/figure-latex/unnamed-chunk-28-1.png>] [28 <./_main_files/fig
ure-latex/unnamed-chunk-29-1.png>]
Chapter 5.
[29

] [30] [31] [32]
LaTeX Font Info:    Trying to load font information for TS1+lmtt on input line 
763.
(/usr/local/texlive/2019basic/texmf-dist/tex/latex/lm/ts1lmtt.fd
File: ts1lmtt.fd 2009/10/30 v1.6 Font defs for Latin Modern
) [33] [34]
<"_main_files/figure-latex/""unnamed-chunk-47-1".png, id=629, 469.755pt x 325.2
15pt>
File: "_main_files/figure-latex/""unnamed-chunk-47-1".png Graphic file (type pn
g)
<use "_main_files/figure-latex/""unnamed-chunk-47-1".png>
Package pdftex.def Info: "_main_files/figure-latex/""unnamed-chunk-47-1".png  u
sed on input line 901.
(pdftex.def)             Requested size: 344.997pt x 238.84406pt.

Underfull \hbox (badness 10000) in paragraph at lines 901--903
[][]
 []

<"_main_files/figure-latex/""unnamed-chunk-48-1".png, id=630, 469.755pt x 325.2
15pt>
File: "_main_files/figure-latex/""unnamed-chunk-48-1".png Graphic file (type pn
g)
<use "_main_files/figure-latex/""unnamed-chunk-48-1".png>
Package pdftex.def Info: "_main_files/figure-latex/""unnamed-chunk-48-1".png  u
sed on input line 910.
(pdftex.def)             Requested size: 344.997pt x 238.84406pt.

Underfull \vbox (badness 10000) has occurred while \output is active []

[35 <./_main_files/figure-latex/unnamed-chunk-47-1.png>]
<"_main_files/figure-latex/""unnamed-chunk-49-1".png, id=636, 469.755pt x 325.2
15pt>
File: "_main_files/figure-latex/""unnamed-chunk-49-1".png Graphic file (type pn
g)
<use "_main_files/figure-latex/""unnamed-chunk-49-1".png>
Package pdftex.def Info: "_main_files/figure-latex/""unnamed-chunk-49-1".png  u
sed on input line 920.
(pdftex.def)             Requested size: 344.997pt x 238.84406pt.
[36 <./_main_files/figure-latex/unnamed-chunk-48-1.png> <./_main_files/figure-l
atex/unnamed-chunk-49-1.png>]
<"_main_files/figure-latex/""unnamed-chunk-50-1".png, id=643, 469.755pt x 325.2
15pt>
File: "_main_files/figure-latex/""unnamed-chunk-50-1".png Graphic file (type pn
g)
<use "_main_files/figure-latex/""unnamed-chunk-50-1".png>
Package pdftex.def Info: "_main_files/figure-latex/""unnamed-chunk-50-1".png  u
sed on input line 936.
(pdftex.def)             Requested size: 344.997pt x 238.84406pt.
[37 <./_main_files/figure-latex/unnamed-chunk-50-1.png>]
Overfull \hbox (90.74873pt too wide) in paragraph at lines 999--999
[]\T1/lmtt/m/n/10 ##    publication_title            first_date_held last_date_
held country_of_publi~[] 
 []


Overfull \hbox (27.74892pt too wide) in paragraph at lines 999--999
[]\T1/lmtt/m/n/10 ##    <chr>                                  <dbl> <chr>     
     <chr>[] 
 []


Overfull \hbox (80.24876pt too wide) in paragraph at lines 999--999
[]\T1/lmtt/m/n/10 ##  1 Corante, or, Newes from Ita~            1621 1621      
     The Netherlands[] 
 []


Overfull \hbox (80.24876pt too wide) in paragraph at lines 999--999
[]\T1/lmtt/m/n/10 ##  2 Corante, or, Newes from Ita~            1621 1621      
     The Netherlands[] 
 []


Overfull \hbox (80.24876pt too wide) in paragraph at lines 999--999
[]\T1/lmtt/m/n/10 ##  3 Corante, or, Newes from Ita~            1621 1621      
     The Netherlands[] 
 []


Overfull \hbox (38.24889pt too wide) in paragraph at lines 999--999
[]\T1/lmtt/m/n/10 ##  4 Corante, or, Newes from Ita~            1621 1621      
     England[] 
 []


Overfull \hbox (80.24876pt too wide) in paragraph at lines 999--999
[]\T1/lmtt/m/n/10 ##  5 Courant Newes out of Italy,~            1621 1621      
     The Netherlands[] 
 []


Overfull \hbox (38.24889pt too wide) in paragraph at lines 999--999
[]\T1/lmtt/m/n/10 ##  6 "A Relation of the late Occ~            1622 1622      
     England[] 
 []


Overfull \hbox (38.24889pt too wide) in paragraph at lines 999--999
[]\T1/lmtt/m/n/10 ##  7 "A Relation of the late Occ~            1622 1622      
     England[] 
 []


Overfull \hbox (38.24889pt too wide) in paragraph at lines 999--999
[]\T1/lmtt/m/n/10 ##  8 "A Relation of the late Occ~            1622 1622      
     England[] 
 []


Overfull \hbox (38.24889pt too wide) in paragraph at lines 999--999
[]\T1/lmtt/m/n/10 ##  9 "A Relation of the late Occ~            1622 1622      
     England[] 
 []


Overfull \hbox (38.24889pt too wide) in paragraph at lines 999--999
[]\T1/lmtt/m/n/10 ## 10 "A Relation of the late Occ~            1622 1622      
     England[] 
 []


Overfull \hbox (90.74873pt too wide) in paragraph at lines 1029--1029
[]\T1/lmtt/m/n/10 ##    publication_title            first_date_held last_date_
held country_of_publi~[] 
 []


Overfull \hbox (27.74892pt too wide) in paragraph at lines 1029--1029
[]\T1/lmtt/m/n/10 ##    <chr>                                  <dbl> <chr>     
     <chr>[] 
 []


Overfull \hbox (38.24889pt too wide) in paragraph at lines 1029--1029
[]\T1/lmtt/m/n/10 ##  1 Shrewsbury chronicle                    1773 Continuing
     England[] 
 []


Overfull \hbox (38.24889pt too wide) in paragraph at lines 1029--1029
[]\T1/lmtt/m/n/10 ##  2 London times|The Times|Time~            1788 Continuing
     England[] 
 []


Overfull \hbox (38.24889pt too wide) in paragraph at lines 1029--1029
[]\T1/lmtt/m/n/10 ##  3 Observer (London)|Observer ~            1791 Continuing
     England[] 
 []


Overfull \hbox (38.24889pt too wide) in paragraph at lines 1029--1029
[]\T1/lmtt/m/n/10 ##  4 Limerick chronicle                      1800 Continuing
     Ireland[] 
 []

[38]
Overfull \hbox (38.24889pt too wide) in paragraph at lines 1029--1029
[]\T1/lmtt/m/n/10 ##  5 Hampshire chronicle|The Ham~            1816 Continuing
     England[] 
 []


Overfull \hbox (43.49887pt too wide) in paragraph at lines 1029--1029
[]\T1/lmtt/m/n/10 ##  6 The Inverness Courier, and ~            1817 Continuing
     Scotland[] 
 []


Overfull \hbox (38.24889pt too wide) in paragraph at lines 1029--1029
[]\T1/lmtt/m/n/10 ##  7 Sunday times (London)|Sunda~            1822 Continuing
     England[] 
 []


Overfull \hbox (85.49875pt too wide) in paragraph at lines 1029--1029
[]\T1/lmtt/m/n/10 ##  8 The Impartial Reporter, etc             1825 Continuing
     Northern Ireland[] 
 []


Overfull \hbox (85.49875pt too wide) in paragraph at lines 1029--1029
[]\T1/lmtt/m/n/10 ##  9 Impartial reporter and farm~            1825 Continuing
     Northern Ireland[] 
 []


Overfull \hbox (43.49887pt too wide) in paragraph at lines 1029--1029
[]\T1/lmtt/m/n/10 ## 10 Aberdeen observer                       1829 Continuing
     Scotland[] 
 []

[39] [40]
<"_main_files/figure-latex/""unnamed-chunk-57-1".png, id=665, 469.755pt x 325.2
15pt>
File: "_main_files/figure-latex/""unnamed-chunk-57-1".png Graphic file (type pn
g)
<use "_main_files/figure-latex/""unnamed-chunk-57-1".png>
Package pdftex.def Info: "_main_files/figure-latex/""unnamed-chunk-57-1".png  u
sed on input line 1143.
(pdftex.def)             Requested size: 344.997pt x 238.84406pt.
[41 <./_main_files/figure-latex/unnamed-chunk-57-1.png>] [42

]
Chapter 6.

Package hyperref Warning: Suppressing empty link on input line 1160.


Package hyperref Warning: Suppressing empty link on input line 1160.

[43] [44]
<"_main_files/figure-latex/""unnamed-chunk-61-1".png, id=694, 469.755pt x 325.2
15pt>
File: "_main_files/figure-latex/""unnamed-chunk-61-1".png Graphic file (type pn
g)
<use "_main_files/figure-latex/""unnamed-chunk-61-1".png>
Package pdftex.def Info: "_main_files/figure-latex/""unnamed-chunk-61-1".png  u
sed on input line 1249.
(pdftex.def)             Requested size: 344.997pt x 238.84406pt.
<"_main_files/figure-latex/""unnamed-chunk-62-1".png, id=695, 469.755pt x 325.2
15pt>
File: "_main_files/figure-latex/""unnamed-chunk-62-1".png Graphic file (type pn
g)
<use "_main_files/figure-latex/""unnamed-chunk-62-1".png>
Package pdftex.def Info: "_main_files/figure-latex/""unnamed-chunk-62-1".png  u
sed on input line 1266.
(pdftex.def)             Requested size: 344.997pt x 238.84406pt.

Underfull \vbox (badness 10000) has occurred while \output is active []

[45 <./_main_files/figure-latex/unnamed-chunk-61-1.png>]
<"_main_files/figure-latex/""unnamed-chunk-63-1".png, id=701, 469.755pt x 325.2
15pt>
File: "_main_files/figure-latex/""unnamed-chunk-63-1".png Graphic file (type pn
g)
<use "_main_files/figure-latex/""unnamed-chunk-63-1".png>
Package pdftex.def Info: "_main_files/figure-latex/""unnamed-chunk-63-1".png  u
sed on input line 1283.
(pdftex.def)             Requested size: 344.997pt x 238.84406pt.

Underfull \vbox (badness 10000) has occurred while \output is active []

[46 <./_main_files/figure-latex/unnamed-chunk-62-1.png>]
<"_main_files/figure-latex/""unnamed-chunk-64-1".png, id=707, 469.755pt x 325.2
15pt>
File: "_main_files/figure-latex/""unnamed-chunk-64-1".png Graphic file (type pn
g)
<use "_main_files/figure-latex/""unnamed-chunk-64-1".png>
Package pdftex.def Info: "_main_files/figure-latex/""unnamed-chunk-64-1".png  u
sed on input line 1303.
(pdftex.def)             Requested size: 344.997pt x 238.84406pt.

Underfull \vbox (badness 10000) has occurred while \output is active []

[47 <./_main_files/figure-latex/unnamed-chunk-63-1.png>]
<"_main_files/figure-latex/""unnamed-chunk-65-1".png, id=713, 469.755pt x 325.2
15pt>
File: "_main_files/figure-latex/""unnamed-chunk-65-1".png Graphic file (type pn
g)
<use "_main_files/figure-latex/""unnamed-chunk-65-1".png>
Package pdftex.def Info: "_main_files/figure-latex/""unnamed-chunk-65-1".png  u
sed on input line 1322.
(pdftex.def)             Requested size: 344.997pt x 238.84406pt.

Underfull \vbox (badness 10000) has occurred while \output is active []

[48 <./_main_files/figure-latex/unnamed-chunk-64-1.png>] [49 <./_main_files/fig
ure-latex/unnamed-chunk-65-1.png>]
Overfull \hbox (17.24895pt too wide) in paragraph at lines 1385--1385
[]\T1/lmtt/m/n/10 ## # Groups:   country_of_publication, general_area_of_covera
ge [531][] 
 []


Overfull \hbox (43.49887pt too wide) in paragraph at lines 1385--1385
[]\T1/lmtt/m/n/10 ##    country_of_publication general_area_of_coverage  covera
ge_city     n[] 
 []


Overfull \hbox (43.49887pt too wide) in paragraph at lines 1385--1385
[]\T1/lmtt/m/n/10 ##    <chr>                  <chr>                     <chr> 
        <int>[] 
 []


Overfull \hbox (43.49887pt too wide) in paragraph at lines 1385--1385
[]\T1/lmtt/m/n/10 ##  1 England                London                    London
         5781[] 
 []


Overfull \hbox (43.49887pt too wide) in paragraph at lines 1385--1385
[]\T1/lmtt/m/n/10 ##  2 Ireland                Dublin (Ireland : County) Dublin
          415[] 
 []


Overfull \hbox (43.49887pt too wide) in paragraph at lines 1385--1385
[]\T1/lmtt/m/n/10 ##  3 Scotland               Strathclyde               Glasgo
w         309[] 
 []


Overfull \hbox (43.49887pt too wide) in paragraph at lines 1385--1385
[]\T1/lmtt/m/n/10 ##  4 England                Greater Manchester        Manche
ster      265[] 
 []


Overfull \hbox (43.49887pt too wide) in paragraph at lines 1385--1385
[]\T1/lmtt/m/n/10 ##  5 England                West Midlands             Birmin
gham      260[] 
 []


Overfull \hbox (43.49887pt too wide) in paragraph at lines 1385--1385
[]\T1/lmtt/m/n/10 ##  6 England                Merseyside                Liverp
ool       220[] 
 []


Overfull \hbox (43.49887pt too wide) in paragraph at lines 1385--1385
[]\T1/lmtt/m/n/10 ##  7 England                Avon                      Bristo
l         175[] 
 []


Overfull \hbox (43.49887pt too wide) in paragraph at lines 1385--1385
[]\T1/lmtt/m/n/10 ##  8 Scotland               Lothian                   Edinbu
rgh       162[] 
 []


Overfull \hbox (43.49887pt too wide) in paragraph at lines 1385--1385
[]\T1/lmtt/m/n/10 ##  9 England                South Yorkshire           Sheffi
eld       133[] 
 []


Overfull \hbox (43.49887pt too wide) in paragraph at lines 1385--1385
[]\T1/lmtt/m/n/10 ## 10 England                Nottinghamshire           Nottin
gham      127[] 
 []

[50] [51]
Overfull \hbox (6.74898pt too wide) in paragraph at lines 1500--1500
[]\T1/lmtt/m/n/10 ## # Groups:   country_of_publication, general_area_of_covera
ge [9][] 
 []


Overfull \hbox (85.49875pt too wide) in paragraph at lines 1500--1500
[]\T1/lmtt/m/n/10 ##    country_of_publ~ general_area_of~ coverage_city     n p
laces wikititle   lat[] 
 []


Overfull \hbox (85.49875pt too wide) in paragraph at lines 1500--1500
[]\T1/lmtt/m/n/10 ##    <chr>            <chr>            <chr>         <int> <
chr>  <chr>     <dbl>[] 
 []


Overfull \hbox (85.49875pt too wide) in paragraph at lines 1500--1500
[]\T1/lmtt/m/n/10 ##  1 Bermuda Islands  <NA>             Hamilton         23 <
NA>   <NA>         NA[] 
 []


Overfull \hbox (85.49875pt too wide) in paragraph at lines 1500--1500
[]\T1/lmtt/m/n/10 ##  2 Bermuda Islands  <NA>             Saint George      1 <
NA>   <NA>         NA[] 
 []


Overfull \hbox (85.49875pt too wide) in paragraph at lines 1500--1500
[]\T1/lmtt/m/n/10 ##  3 Cayman Islands   <NA>             Georgetown        1 <
NA>   <NA>         NA[] 
 []


Overfull \hbox (85.49875pt too wide) in paragraph at lines 1500--1500
[]\T1/lmtt/m/n/10 ##  4 England          Aberdeenshire (~ Peterhead         1 <
NA>   <NA>         NA[] 
 []


Overfull \hbox (85.49875pt too wide) in paragraph at lines 1500--1500
[]\T1/lmtt/m/n/10 ##  5 England          Acton (London, ~ Ealing (Lond~     1 <
NA>   <NA>         NA[] 
 []


Overfull \hbox (85.49875pt too wide) in paragraph at lines 1500--1500
[]\T1/lmtt/m/n/10 ##  6 England          Aintree  |Merse~ Maghull           3 <
NA>   <NA>         NA[] 
 []


Overfull \hbox (85.49875pt too wide) in paragraph at lines 1500--1500
[]\T1/lmtt/m/n/10 ##  7 England          Alford (Lincoln~ Mablethorpe       1 <
NA>   <NA>         NA[] 
 []


Overfull \hbox (85.49875pt too wide) in paragraph at lines 1500--1500
[]\T1/lmtt/m/n/10 ##  8 England          Alford (Lincoln~ Skegness          1 <
NA>   <NA>         NA[] 
 []


Overfull \hbox (85.49875pt too wide) in paragraph at lines 1500--1500
[]\T1/lmtt/m/n/10 ##  9 England          Alfriston  |Eas~ Newhaven          1 <
NA>   <NA>         NA[] 
 []


Overfull \hbox (85.49875pt too wide) in paragraph at lines 1500--1500
[]\T1/lmtt/m/n/10 ## 10 England          Altrincham  |Gr~ Sale              2 <
NA>   <NA>         NA[] 
 []

[52]
<"_main_files/figure-latex/""unnamed-chunk-77-1".png, id=744, 469.755pt x 325.2
15pt>
File: "_main_files/figure-latex/""unnamed-chunk-77-1".png Graphic file (type pn
g)
<use "_main_files/figure-latex/""unnamed-chunk-77-1".png>
Package pdftex.def Info: "_main_files/figure-latex/""unnamed-chunk-77-1".png  u
sed on input line 1564.
(pdftex.def)             Requested size: 344.997pt x 238.84406pt.

Underfull \vbox (badness 10000) has occurred while \output is active []

[53]
Underfull \hbox (badness 3838) in paragraph at lines 1569--1570
\T1/lmr/m/n/10 (+20) Now we will plot the cities us-ing \T1/lmtt/m/n/10 geom_po
int() \T1/lmr/m/n/10 (+20) We'll spec-ify the
 []


Underfull \hbox (badness 1496) in paragraph at lines 1569--1570
\T1/lmtt/m/n/10 lc_with_geo_counts \T1/lmr/m/n/10 (+20) as the ar-gu-ment to \T
1/lmtt/m/n/10 data = \T1/lmr/m/n/10 (+20) within \T1/lmtt/m/n/10 geom_point()\T
1/lmr/m/n/10 (+20) .
 []


Overfull \hbox (36.94656pt too wide) in paragraph at lines 1573--1574
[]\T1/lmr/m/n/10 (-20) Using \T1/lmtt/m/n/10 labs()\T1/lmr/m/n/10 (-20) , add a
 ti-tle, and with \T1/lmtt/m/n/10 scale_size_area() \T1/lmr/m/n/10 (-20) and \T
1/lmtt/m/n/10 scale_color_viridis_c()\T1/lmr/m/n/10 (-20) ,
 []

[54 <./_main_files/figure-latex/unnamed-chunk-77-1.png>]
<"_main_files/figure-latex/""unnamed-chunk-78-1".png, id=755, 469.755pt x 325.2
15pt>
File: "_main_files/figure-latex/""unnamed-chunk-78-1".png Graphic file (type pn
g)
<use "_main_files/figure-latex/""unnamed-chunk-78-1".png>
Package pdftex.def Info: "_main_files/figure-latex/""unnamed-chunk-78-1".png  u
sed on input line 1594.
(pdftex.def)             Requested size: 344.997pt x 238.84406pt.

Overfull \hbox (113.9212pt too wide) has occurred while \output is active
\T1/lmr/m/sl/10 6.5.  DRAWING A NEWSPAPER TITLES `CHOROPLETH' MAP WITH R AND TH
E SF PACKAGE \T1/lmr/m/n/10 55
 []

[55 <./_main_files/figure-latex/unnamed-chunk-78-1.png>]
Underfull \vbox (badness 10000) has occurred while \output is active []

[56]
Overfull \hbox (594.74727pt too wide) in paragraph at lines 1684--1684
[]\T1/lmtt/m/n/10 ## Reading layer \TS1/lmtt/m/n/10 `\T1/lmtt/m/n/10 EW1891_reg
counties\TS1/lmtt/m/n/10 ' \T1/lmtt/m/n/10 from data source \TS1/lmtt/m/n/10 `\
T1/lmtt/m/n/10 /Users/yannryan/Desktop/r-projects/r-for-news-data/EW1891_regcou
nties/EW1891_regcounties.shp\TS1/lmtt/m/n/10 ' \T1/lmtt/m/n/10 using driver \TS
1/lmtt/m/n/10 `\T1/lmtt/m/n/10 ESRI Shapefile\TS1/lmtt/m/n/10 '[] 
 []


Overfull \hbox (48.74886pt too wide) in paragraph at lines 1684--1684
[]\T1/lmtt/m/n/10 ## bbox:           xmin: 87019.07 ymin: 7067.26 xmax: 655838 
ymax: 657543.5[] 
 []


Overfull \hbox (594.74727pt too wide) in paragraph at lines 1684--1684
[]\T1/lmtt/m/n/10 ## proj4string:    +proj=tmerc +lat_0=49 +lon_0=-2 +k=0.99960
12717 +x_0=400000 +y_0=-100000 +ellps=airy +towgs84=446.448,-125.157,542.06,0.1
5,0.247,0.842,-20.489 +units=m +no_defs[] 
 []


Overfull \hbox (626.24718pt too wide) in paragraph at lines 1700--1700
[]\T1/lmtt/m/n/10 ## Reading layer \TS1/lmtt/m/n/10 `\T1/lmtt/m/n/10 Spre1890_s
cocounties\TS1/lmtt/m/n/10 ' \T1/lmtt/m/n/10 from data source \TS1/lmtt/m/n/10 
`\T1/lmtt/m/n/10 /Users/yannryan/Desktop/r-projects/r-for-news-data/Spre1890_sc
ocounties/Spre1890_scocounties.shp\TS1/lmtt/m/n/10 ' \T1/lmtt/m/n/10 using driv
er \TS1/lmtt/m/n/10 `\T1/lmtt/m/n/10 ESRI Shapefile\TS1/lmtt/m/n/10 '[] 
 []


Overfull \hbox (38.24889pt too wide) in paragraph at lines 1700--1700
[]\T1/lmtt/m/n/10 ## bbox:           xmin: 53033.88 ymin: 530297 xmax: 469817 y
max: 1219574[] 
 []


Overfull \hbox (594.74727pt too wide) in paragraph at lines 1700--1700
[]\T1/lmtt/m/n/10 ## proj4string:    +proj=tmerc +lat_0=49 +lon_0=-2 +k=0.99960
12717 +x_0=400000 +y_0=-100000 +ellps=airy +towgs84=446.448,-125.157,542.06,0.1
5,0.247,0.842,-20.489 +units=m +no_defs[] 
 []

[57] [58]
Overfull \hbox (32.9989pt too wide) in paragraph at lines 1819--1819
[]\T1/lmtt/m/n/10 ## Joining, by = c("country_of_publication", "general_area_of
_coverage",[] 
 []


Overfull \hbox (127.49863pt too wide) in paragraph at lines 1845--1845
[]\T1/lmtt/m/n/10 ## although coordinates are longitude/latitude, st_intersects
 assumes that they are planar[] 
 []


Overfull \hbox (127.49863pt too wide) in paragraph at lines 1845--1845
[]\T1/lmtt/m/n/10 ## although coordinates are longitude/latitude, st_intersects
 assumes that they are planar[] 
 []


Overfull \hbox (23.5752pt too wide) has occurred while \output is active
\T1/lmr/m/sl/10 6.10.  USING ST_JOIN TO CONNECT THE TITLE LIST TO THE SHAPEFILE
 \T1/lmr/m/n/10 59
 []

[59]
Overfull \hbox (179.99847pt too wide) in paragraph at lines 1889--1889
[]\T1/lmtt/m/n/10 ## Joining, by = "G_NAME"Scale for \TS1/lmtt/m/n/10 '\T1/lmtt
/m/n/10 fill\TS1/lmtt/m/n/10 ' \T1/lmtt/m/n/10 is already present. Adding anoth
er scale for \TS1/lmtt/m/n/10 '\T1/lmtt/m/n/10 fill\TS1/lmtt/m/n/10 '\T1/lmtt/m
/n/10 , which[] 
 []

<"_main_files/figure-latex/""unnamed-chunk-93-1".png, id=790, 469.755pt x 325.2
15pt>
File: "_main_files/figure-latex/""unnamed-chunk-93-1".png Graphic file (type pn
g)
<use "_main_files/figure-latex/""unnamed-chunk-93-1".png>
Package pdftex.def Info: "_main_files/figure-latex/""unnamed-chunk-93-1".png  u
sed on input line 1891.
(pdftex.def)             Requested size: 344.997pt x 238.84406pt.

Underfull \vbox (badness 10000) has occurred while \output is active []

[60] [61 <./_main_files/figure-latex/unnamed-chunk-93-1.png>] [62

]
Chapter 7.
<"""titles".png, id=807, 902.6222pt x 487.8225pt>
File: """titles".png Graphic file (type png)
<use """titles".png>
Package pdftex.def Info: """titles".png  used on input line 1904.
(pdftex.def)             Requested size: 344.99707pt x 186.45378pt.
[63 <./titles.png>] [64]
Overfull \hbox (6.74898pt too wide) in paragraph at lines 1992--1992
[]\T1/lmtt/m/n/10 ##   title_id   nid   nlp publication_tit~ edition preceding_
titles[] 
 []


Overfull \hbox (6.74898pt too wide) in paragraph at lines 1992--1992
[]\T1/lmtt/m/n/10 ## 1 13774146    NA    NA London gazette   <NA>    Continues:
 Oxfo~[] 
 []


Overfull \hbox (59.24883pt too wide) in paragraph at lines 1992--1992
[]\T1/lmtt/m/n/10 ## #   subsequent_geographical_subject_headings <chr>, first_
date_held <dbl>,[] 
 []


Overfull \hbox (27.74892pt too wide) in paragraph at lines 1992--1992
[]\T1/lmtt/m/n/10 ## #   publication_date_two <dbl>, current_publication_freque
ncy <chr>,[] 
 []


Overfull \hbox (11.99896pt too wide) in paragraph at lines 1992--1992
[]\T1/lmtt/m/n/10 ## #   online_status <chr>, link_to_british_newspaper_archive
 <chr>,[] 
 []


Overfull \hbox (59.24883pt too wide) in paragraph at lines 2011--2011
[]\T1/lmtt/m/n/10 ## Warning: Trying to compute distinct() for variables not fo
und in the data:[] 
 []


Overfull \hbox (53.99884pt too wide) in paragraph at lines 2011--2011
[]\T1/lmtt/m/n/10 ## This is an error, but only a warning is raised for compati
bility reasons.[] 
 []

[65]
Overfull \hbox (6.74898pt too wide) in paragraph at lines 2030--2030
[]\T1/lmtt/m/n/10 ##   title_id   nid   nlp publication_tit~ edition preceding_
titles[] 
 []


Overfull \hbox (6.74898pt too wide) in paragraph at lines 2030--2030
[]\T1/lmtt/m/n/10 ## 1 13774146    NA    NA London gazette   <NA>    Continues:
 Oxfo~[] 
 []


Overfull \hbox (59.24883pt too wide) in paragraph at lines 2030--2030
[]\T1/lmtt/m/n/10 ## #   subsequent_geographical_subject_headings <chr>, first_
date_held <dbl>,[] 
 []


Overfull \hbox (27.74892pt too wide) in paragraph at lines 2030--2030
[]\T1/lmtt/m/n/10 ## #   publication_date_two <dbl>, current_publication_freque
ncy <chr>,[] 
 []


Overfull \hbox (11.99896pt too wide) in paragraph at lines 2030--2030
[]\T1/lmtt/m/n/10 ## #   online_status <chr>, link_to_british_newspaper_archive
 <chr>,[] 
 []


Overfull \hbox (59.24883pt too wide) in paragraph at lines 2049--2049
[]\T1/lmtt/m/n/10 ## Warning: Trying to compute distinct() for variables not fo
und in the data:[] 
 []


Overfull \hbox (53.99884pt too wide) in paragraph at lines 2049--2049
[]\T1/lmtt/m/n/10 ## This is an error, but only a warning is raised for compati
bility reasons.[] 
 []

[66] [67]
<"_main_files/figure-latex/""unnamed-chunk-104-1".png, id=835, 469.755pt x 325.
215pt>
File: "_main_files/figure-latex/""unnamed-chunk-104-1".png Graphic file (type p
ng)
<use "_main_files/figure-latex/""unnamed-chunk-104-1".png>
Package pdftex.def Info: "_main_files/figure-latex/""unnamed-chunk-104-1".png  
used on input line 2143.
(pdftex.def)             Requested size: 344.997pt x 238.84406pt.
[68 <./_main_files/figure-latex/unnamed-chunk-104-1.png>]
<"_main_files/figure-latex/""unnamed-chunk-106-1".png, id=841, 469.755pt x 325.
215pt>
File: "_main_files/figure-latex/""unnamed-chunk-106-1".png Graphic file (type p
ng)
<use "_main_files/figure-latex/""unnamed-chunk-106-1".png>
Package pdftex.def Info: "_main_files/figure-latex/""unnamed-chunk-106-1".png  
used on input line 2178.
(pdftex.def)             Requested size: 344.997pt x 238.84406pt.
<"_main_files/figure-latex/""unnamed-chunk-107-1".png, id=842, 469.755pt x 325.
215pt>
File: "_main_files/figure-latex/""unnamed-chunk-107-1".png Graphic file (type p
ng)
<use "_main_files/figure-latex/""unnamed-chunk-107-1".png>
Package pdftex.def Info: "_main_files/figure-latex/""unnamed-chunk-107-1".png  
used on input line 2198.
(pdftex.def)             Requested size: 344.997pt x 238.84406pt.

Underfull \vbox (badness 10000) has occurred while \output is active []

[69 <./_main_files/figure-latex/unnamed-chunk-106-1.png>]
<"_main_files/figure-latex/""unnamed-chunk-108-1".png, id=848, 469.755pt x 325.
215pt>
File: "_main_files/figure-latex/""unnamed-chunk-108-1".png Graphic file (type p
ng)
<use "_main_files/figure-latex/""unnamed-chunk-108-1".png>
Package pdftex.def Info: "_main_files/figure-latex/""unnamed-chunk-108-1".png  
used on input line 2218.
(pdftex.def)             Requested size: 344.997pt x 238.84406pt.

Underfull \vbox (badness 10000) has occurred while \output is active []

[70 <./_main_files/figure-latex/unnamed-chunk-107-1.png>]
<"_main_files/figure-latex/""unnamed-chunk-109-1".png, id=854, 469.755pt x 325.
215pt>
File: "_main_files/figure-latex/""unnamed-chunk-109-1".png Graphic file (type p
ng)
<use "_main_files/figure-latex/""unnamed-chunk-109-1".png>
Package pdftex.def Info: "_main_files/figure-latex/""unnamed-chunk-109-1".png  
used on input line 2238.
(pdftex.def)             Requested size: 344.997pt x 238.84406pt.

Underfull \vbox (badness 10000) has occurred while \output is active []

[71 <./_main_files/figure-latex/unnamed-chunk-108-1.png>]
<"_main_files/figure-latex/""unnamed-chunk-110-1".png, id=860, 469.755pt x 325.
215pt>
File: "_main_files/figure-latex/""unnamed-chunk-110-1".png Graphic file (type p
ng)
<use "_main_files/figure-latex/""unnamed-chunk-110-1".png>
Package pdftex.def Info: "_main_files/figure-latex/""unnamed-chunk-110-1".png  
used on input line 2258.
(pdftex.def)             Requested size: 344.997pt x 238.84406pt.

Underfull \vbox (badness 10000) has occurred while \output is active []

[72 <./_main_files/figure-latex/unnamed-chunk-109-1.png>] [73 <./_main_files/fi
gure-latex/unnamed-chunk-110-1.png>] [74]
<"_main_files/figure-latex/""unnamed-chunk-115-1".png, id=876, 469.755pt x 325.
215pt>
File: "_main_files/figure-latex/""unnamed-chunk-115-1".png Graphic file (type p
ng)
<use "_main_files/figure-latex/""unnamed-chunk-115-1".png>
Package pdftex.def Info: "_main_files/figure-latex/""unnamed-chunk-115-1".png  
used on input line 2367.
(pdftex.def)             Requested size: 344.997pt x 238.84406pt.
[75 <./_main_files/figure-latex/unnamed-chunk-115-1.png>]
<"_main_files/figure-latex/""unnamed-chunk-117-1".png, id=884, 469.755pt x 325.
215pt>
File: "_main_files/figure-latex/""unnamed-chunk-117-1".png Graphic file (type p
ng)
<use "_main_files/figure-latex/""unnamed-chunk-117-1".png>
Package pdftex.def Info: "_main_files/figure-latex/""unnamed-chunk-117-1".png  
used on input line 2413.
(pdftex.def)             Requested size: 344.997pt x 238.84406pt.
[76 <./_main_files/figure-latex/unnamed-chunk-117-1.png>]
<"_main_files/figure-latex/""unnamed-chunk-118-1".png, id=890, 469.755pt x 325.
215pt>
File: "_main_files/figure-latex/""unnamed-chunk-118-1".png Graphic file (type p
ng)
<use "_main_files/figure-latex/""unnamed-chunk-118-1".png>
Package pdftex.def Info: "_main_files/figure-latex/""unnamed-chunk-118-1".png  
used on input line 2434.
(pdftex.def)             Requested size: 344.997pt x 238.84406pt.
<"_main_files/figure-latex/""unnamed-chunk-119-1".png, id=891, 469.755pt x 325.
215pt>
File: "_main_files/figure-latex/""unnamed-chunk-119-1".png Graphic file (type p
ng)
<use "_main_files/figure-latex/""unnamed-chunk-119-1".png>
Package pdftex.def Info: "_main_files/figure-latex/""unnamed-chunk-119-1".png  
used on input line 2454.
(pdftex.def)             Requested size: 344.997pt x 238.84406pt.

Underfull \vbox (badness 10000) has occurred while \output is active []

[77 <./_main_files/figure-latex/unnamed-chunk-118-1.png>]
<"_main_files/figure-latex/""unnamed-chunk-120-1".png, id=897, 469.755pt x 325.
215pt>
File: "_main_files/figure-latex/""unnamed-chunk-120-1".png Graphic file (type p
ng)
<use "_main_files/figure-latex/""unnamed-chunk-120-1".png>
Package pdftex.def Info: "_main_files/figure-latex/""unnamed-chunk-120-1".png  
used on input line 2474.
(pdftex.def)             Requested size: 344.997pt x 238.84406pt.

Underfull \vbox (badness 10000) has occurred while \output is active []

[78 <./_main_files/figure-latex/unnamed-chunk-119-1.png>] [79 <./_main_files/fi
gure-latex/unnamed-chunk-120-1.png>]
<"_main_files/figure-latex/""unnamed-chunk-123-1".png, id=909, 469.755pt x 325.
215pt>
File: "_main_files/figure-latex/""unnamed-chunk-123-1".png Graphic file (type p
ng)
<use "_main_files/figure-latex/""unnamed-chunk-123-1".png>
Package pdftex.def Info: "_main_files/figure-latex/""unnamed-chunk-123-1".png  
used on input line 2524.
(pdftex.def)             Requested size: 344.997pt x 238.84406pt.
[80 <./_main_files/figure-latex/unnamed-chunk-123-1.png>]
Overfull \hbox (32.9989pt too wide) in paragraph at lines 2575--2575
[]\T1/lmtt/m/n/10 ## Warning: Factor \TS1/lmtt/m/n/10 `\T1/lmtt/m/n/10 list_of_
places\TS1/lmtt/m/n/10 ` \T1/lmtt/m/n/10 contains implicit NA, consider using[]
 
 []


Overfull \hbox (32.9989pt too wide) in paragraph at lines 2575--2575
[]\T1/lmtt/m/n/10 ## Warning: Factor \TS1/lmtt/m/n/10 `\T1/lmtt/m/n/10 list_of_
places\TS1/lmtt/m/n/10 ` \T1/lmtt/m/n/10 contains implicit NA, consider using[]
 
 []

<"_main_files/figure-latex/""unnamed-chunk-125-1".png, id=915, 469.755pt x 325.
215pt>
File: "_main_files/figure-latex/""unnamed-chunk-125-1".png Graphic file (type p
ng)
<use "_main_files/figure-latex/""unnamed-chunk-125-1".png>
Package pdftex.def Info: "_main_files/figure-latex/""unnamed-chunk-125-1".png  
used on input line 2608.
(pdftex.def)             Requested size: 344.997pt x 238.84406pt.
[81] [82 <./_main_files/figure-latex/unnamed-chunk-125-1.png>]
Chapter 8.

Underfull \hbox (badness 6461) in paragraph at lines 2627--2628
[]\T1/lmr/m/n/10 (+20) Inspired by the posts by []$https : / / www . brodrigues
 . co / blog / 2019 -[] 01 -[] 13 -[]
 []

[83

] [84]
Overfull \hbox (22.49893pt too wide) in paragraph at lines 2719--2719
[]\T1/lmtt/m/n/10 ##  chr [1, 1:2650] "<?xml version=\"1.0\" encoding=\"UTF-8\"
?>\r" ...[] 
 []


Overfull \hbox (416.24779pt too wide) in paragraph at lines 2733--2733
[]\T1/lmtt/m/n/10 ##  chr [1:1173] "\t\t\t\t<TextBlock ID=\"pa0001001\" HPOS=\"
304\" VPOS=\"58\" WIDTH=\"2152\" HEIGHT=\"154\" STYLEREFS=\"TXT_0 PAR_LEFT\">\r
" ...[] 
 []


Overfull \hbox (500.24754pt too wide) in paragraph at lines 2748--2748
[]\T1/lmtt/m/n/10 ## Warning: Calling \TS1/lmtt/m/n/10 `\T1/lmtt/m/n/10 as_tibb
le()\TS1/lmtt/m/n/10 ` \T1/lmtt/m/n/10 on a vector is discouraged, because the 
behavior is likely to change in the future. Use \TS1/lmtt/m/n/10 `\T1/lmtt/m/n/
10 tibble::enframe(name = NULL)\TS1/lmtt/m/n/10 ` \T1/lmtt/m/n/10 instead.[] 
 []

[85] [86] [87] [88] [89] [90] [91] [92] [93] [94

]
Chapter 9.

Overfull \hbox (80.24876pt too wide) in paragraph at lines 3201--3201
[]\T1/lmtt/m/n/10 ## $ article_code <int> 1, 2, 3, 4, 5, 6, 7, 8, 9, 10, 11, 12
, 13, 14, 15, 16,...[] 
 []


Overfull \hbox (80.24876pt too wide) in paragraph at lines 3201--3201
[]\T1/lmtt/m/n/10 ## $ art          <chr> "0001", "0002", "0003", "0005", "0007
", "0008", "0009"...[] 
 []


Overfull \hbox (80.24876pt too wide) in paragraph at lines 3201--3201
[]\T1/lmtt/m/n/10 ## $ text         <chr> ":THE  NATIONAL  REGIS  ..  _.  \TS1/
lmtt/m/n/10 \T1/lmtt/m/n/10 f.4r)i  ,&#34;\TS1/lmtt/m/n/10 \T1/lmtt/m/n/10 )\
TS1/lmtt/m/n/10 '\T1/lmtt/m/n/10 ;  1...[] 
 []


Overfull \hbox (80.24876pt too wide) in paragraph at lines 3201--3201
[]\T1/lmtt/m/n/10 ## $ title        <chr> "0002644", "0002644", "0002644", "000
2644", "0002644",...[] 
 []


Overfull \hbox (80.24876pt too wide) in paragraph at lines 3201--3201
[]\T1/lmtt/m/n/10 ## $ year         <chr> "1809", "1809", "1809", "1809", "1809
", "1809", "1809"...[] 
 []


Overfull \hbox (80.24876pt too wide) in paragraph at lines 3201--3201
[]\T1/lmtt/m/n/10 ## $ date         <chr> "0101", "0101", "0101", "0101", "0101
", "0101", "0101"...[] 
 []


Overfull \hbox (80.24876pt too wide) in paragraph at lines 3201--3201
[]\T1/lmtt/m/n/10 ## $ full_date    <date> 1809-01-01, 1809-01-01, 1809-01-01, 
1809-01-01, 1809-...[] 
 []

[95]
Overfull \hbox (6.74898pt too wide) in paragraph at lines 3229--3229
[]\T1/lmtt/m/n/10 ## 10            1 0001  0002644 1809  0101  1809-01-01 super
script[] 
 []


Overfull \hbox (43.49887pt too wide) in paragraph at lines 3260--3260
[]\T1/lmtt/m/n/10 ##  1            1 0001  0002644 1809  0101  1809-01-01 the n
ational regis[] 
 []


Overfull \hbox (32.9989pt too wide) in paragraph at lines 3260--3260
[]\T1/lmtt/m/n/10 ##  2            1 0001  0002644 1809  0101  1809-01-01 natio
nal regis f[] 
 []


Overfull \hbox (1.499pt too wide) in paragraph at lines 3260--3260
[]\T1/lmtt/m/n/10 ##  3            1 0001  0002644 1809  0101  1809-01-01 regis
 f 4r[] 
 []


Overfull \hbox (1.499pt too wide) in paragraph at lines 3260--3260
[]\T1/lmtt/m/n/10 ##  7            1 0001  0002644 1809  0101  1809-01-01 34 1 
style[] 
 []


Overfull \hbox (48.74886pt too wide) in paragraph at lines 3260--3260
[]\T1/lmtt/m/n/10 ##  8            1 0001  0002644 1809  0101  1809-01-01 1 sty
le superscript[] 
 []


Overfull \hbox (48.74886pt too wide) in paragraph at lines 3260--3260
[]\T1/lmtt/m/n/10 ##  9            1 0001  0002644 1809  0101  1809-01-01 style
 superscript l[] 
 []


Overfull \hbox (48.74886pt too wide) in paragraph at lines 3260--3260
[]\T1/lmtt/m/n/10 ## 10            1 0001  0002644 1809  0101  1809-01-01 super
script l style[] 
 []

[96]
Overfull \hbox (6.74898pt too wide) in paragraph at lines 3301--3301
[]\T1/lmtt/m/n/10 ##  7            1 0001  0002644 1809  0101  1809-01-01 super
script[] 
 []


Overfull \hbox (6.74898pt too wide) in paragraph at lines 3301--3301
[]\T1/lmtt/m/n/10 ##  9            1 0001  0002644 1809  0101  1809-01-01 super
script[] 
 []

[97] [98] [99]
<"_main_files/figure-latex/""unnamed-chunk-164-1".png, id=1004, 469.755pt x 325
.215pt>
File: "_main_files/figure-latex/""unnamed-chunk-164-1".png Graphic file (type p
ng)
<use "_main_files/figure-latex/""unnamed-chunk-164-1".png>
Package pdftex.def Info: "_main_files/figure-latex/""unnamed-chunk-164-1".png  
used on input line 3494.
(pdftex.def)             Requested size: 344.997pt x 238.84406pt.

Underfull \vbox (badness 10000) has occurred while \output is active []

[100]
<"_main_files/figure-latex/""unnamed-chunk-165-1".png, id=1009, 469.755pt x 325
.215pt>
File: "_main_files/figure-latex/""unnamed-chunk-165-1".png Graphic file (type p
ng)
<use "_main_files/figure-latex/""unnamed-chunk-165-1".png>
Package pdftex.def Info: "_main_files/figure-latex/""unnamed-chunk-165-1".png  
used on input line 3508.
(pdftex.def)             Requested size: 344.997pt x 238.84406pt.

Underfull \vbox (badness 10000) has occurred while \output is active []

[101 <./_main_files/figure-latex/unnamed-chunk-164-1.png>] [102 <./_main_files/
figure-latex/unnamed-chunk-165-1.png>]
Overfull \hbox (17.24895pt too wide) in paragraph at lines 3562--3562
[]\T1/lmtt/m/n/10 ## \TS1/lmtt/m/n/10 `\T1/lmtt/m/n/10 stat_bin()\TS1/lmtt/m/n/
10 ` \T1/lmtt/m/n/10 using \TS1/lmtt/m/n/10 `\T1/lmtt/m/n/10 bins = 30\TS1/lmtt
/m/n/10 `\T1/lmtt/m/n/10 . Pick better value with \TS1/lmtt/m/n/10 `\T1/lmtt/m/
n/10 binwidth\TS1/lmtt/m/n/10 `\T1/lmtt/m/n/10 .[] 
 []

<"_main_files/figure-latex/""unnamed-chunk-167-1".png, id=1020, 469.755pt x 325
.215pt>
File: "_main_files/figure-latex/""unnamed-chunk-167-1".png Graphic file (type p
ng)
<use "_main_files/figure-latex/""unnamed-chunk-167-1".png>
Package pdftex.def Info: "_main_files/figure-latex/""unnamed-chunk-167-1".png  
used on input line 3564.
(pdftex.def)             Requested size: 344.997pt x 238.84406pt.
[103 <./_main_files/figure-latex/unnamed-chunk-167-1.png>] [104

]
Chapter 10.
[105] [106]
Overfull \hbox (85.49875pt too wide) in paragraph at lines 3682--3682
[]\T1/lmtt/m/n/10 ##   article_code art   text                           title 
year  date  full_date[] 
 []


Overfull \hbox (69.7488pt too wide) in paragraph at lines 3682--3682
[]\T1/lmtt/m/n/10 ##          <int> <chr> <chr>                          <chr> 
<chr> <chr> <date>[] 
 []


Overfull \hbox (90.74873pt too wide) in paragraph at lines 3682--3682
[]\T1/lmtt/m/n/10 ## 1          126 0030  LADIES\TS1/lmtt/m/n/10 '  \T1/lmtt/m/
n/10 DRESSES.  HER.  MAJE~ 0002~ 1809  0122  1809-01-22[] 
 []


Overfull \hbox (90.74873pt too wide) in paragraph at lines 3682--3682
[]\T1/lmtt/m/n/10 ## 2          127 0031  PRINCESS  AUGUSTA.  Spanish  ~ 0002~ 
1809  0122  1809-01-22[] 
 []


Overfull \hbox (90.74873pt too wide) in paragraph at lines 3682--3682
[]\T1/lmtt/m/n/10 ## 3          140 <NA>  THE  NATIONAL  REGISTER.  JAN~ 0002~ 
1809  0122  1809-01-22[] 
 []


Overfull \hbox (85.49875pt too wide) in paragraph at lines 3707--3707
[]\T1/lmtt/m/n/10 ##   article_code art   text                           title 
year  date  full_date[] 
 []


Overfull \hbox (69.7488pt too wide) in paragraph at lines 3707--3707
[]\T1/lmtt/m/n/10 ##          <int> <chr> <chr>                          <chr> 
<chr> <chr> <date>[] 
 []


Overfull \hbox (90.74873pt too wide) in paragraph at lines 3707--3707
[]\T1/lmtt/m/n/10 ## 1           25 0027  "THE  NATIONAL  REGISTER.  \TS1/lmtt/
m/n/10 '\T1/lmtt/m/n/10 l~ 0002~ 1809  0101  1809-01-01[] 
 []


Overfull \hbox (90.74873pt too wide) in paragraph at lines 3707--3707
[]\T1/lmtt/m/n/10 ## 2           27 0030  THE  NATIONAL  REGISTER.  13 ~ 0002~ 
1809  0101  1809-01-01[] 
 []


Overfull \hbox (90.74873pt too wide) in paragraph at lines 3707--3707
[]\T1/lmtt/m/n/10 ## 3          128 0034  6V  Itispersonal  appearance,~ 0002~ 
1809  0122  1809-01-22[] 
 []


Overfull \hbox (90.74873pt too wide) in paragraph at lines 3707--3707
[]\T1/lmtt/m/n/10 ## 4          168 0035  THE  NATIONAL,  REGISTER.  ge~ 0002~ 
1809  0129  1809-01-29[] 
 []


Overfull \hbox (90.74873pt too wide) in paragraph at lines 3707--3707
[]\T1/lmtt/m/n/10 ## 5          317 0019  THE  NATIONAL  REGISTER.  138~ 0002~ 
1809  0226  1809-02-26[] 
 []


Overfull \hbox (90.74873pt too wide) in paragraph at lines 3707--3707
[]\T1/lmtt/m/n/10 ## 6          504 0035  ACCIDENT\TS1/lmtt/m/n/10 '\T1/lmtt/m/
n/10 S,  OFFENCES,  Ec.  ~ 0002~ 1809  0402  1809-04-02[] 
 []


Overfull \hbox (90.74873pt too wide) in paragraph at lines 3707--3707
[]\T1/lmtt/m/n/10 ## 7          529 0025  ebe  pulpit.  The  Pulpit.  t~ 0002~ 
1809  0409  1809-04-09[] 
 []


Overfull \hbox (90.74873pt too wide) in paragraph at lines 3707--3707
[]\T1/lmtt/m/n/10 ## 8          530 0026  THE  NATIONAL  REGISTER,  Co ~ 0002~ 
1809  0409  1809-04-09[] 
 []


Overfull \hbox (90.74873pt too wide) in paragraph at lines 3707--3707
[]\T1/lmtt/m/n/10 ## 9          581 <NA>  "THE  NATIONAL  REGISTER.  Is~ 0002~ 
1809  0416  1809-04-16[] 
 []

[107] [108

]
Chapter 11.
[109] [110] [111]
Overfull \hbox (48.74886pt too wide) in paragraph at lines 3898--3898
[]\T1/lmtt/m/n/10 ##    article_code art   title   year  date  full_date  word 
         value[] 
 []


Overfull \hbox (48.74886pt too wide) in paragraph at lines 3898--3898
[]\T1/lmtt/m/n/10 ##           <int> <chr> <chr>   <chr> <chr> <date>     <chr>
         <dbl>[] 
 []


Overfull \hbox (48.74886pt too wide) in paragraph at lines 3898--3898
[]\T1/lmtt/m/n/10 ##  1            1 0001  0002644 1809  0101  1809-01-01 grate
ful          3[] 
 []


Overfull \hbox (48.74886pt too wide) in paragraph at lines 3898--3898
[]\T1/lmtt/m/n/10 ##  2            1 0001  0002644 1809  0101  1809-01-01 encou
ragement     2[] 
 []


Overfull \hbox (48.74886pt too wide) in paragraph at lines 3898--3898
[]\T1/lmtt/m/n/10 ##  3            1 0001  0002644 1809  0101  1809-01-01 encou
ragement     2[] 
 []


Overfull \hbox (48.74886pt too wide) in paragraph at lines 3898--3898
[]\T1/lmtt/m/n/10 ##  4            1 0001  0002644 1809  0101  1809-01-01 promi
sed          1[] 
 []


Overfull \hbox (48.74886pt too wide) in paragraph at lines 3898--3898
[]\T1/lmtt/m/n/10 ##  5            1 0001  0002644 1809  0101  1809-01-01 incre
ase          1[] 
 []


Overfull \hbox (48.74886pt too wide) in paragraph at lines 3898--3898
[]\T1/lmtt/m/n/10 ##  6            1 0001  0002644 1809  0101  1809-01-01 negat
ive         -2[] 
 []


Overfull \hbox (48.74886pt too wide) in paragraph at lines 3898--3898
[]\T1/lmtt/m/n/10 ##  7            1 0001  0002644 1809  0101  1809-01-01 worth
             2[] 
 []


Overfull \hbox (48.74886pt too wide) in paragraph at lines 3898--3898
[]\T1/lmtt/m/n/10 ##  8            1 0001  0002644 1809  0101  1809-01-01 gift 
             2[] 
 []


Overfull \hbox (48.74886pt too wide) in paragraph at lines 3898--3898
[]\T1/lmtt/m/n/10 ##  9            1 0001  0002644 1809  0101  1809-01-01 incon
venience    -2[] 
 []

[112]
Overfull \hbox (48.74886pt too wide) in paragraph at lines 3898--3898
[]\T1/lmtt/m/n/10 ## 10            1 0001  0002644 1809  0101  1809-01-01 deter
mined        2[] 
 []

[113]
<"_main_files/figure-latex/""unnamed-chunk-182-1".png, id=1085, 469.755pt x 325
.215pt>
File: "_main_files/figure-latex/""unnamed-chunk-182-1".png Graphic file (type p
ng)
<use "_main_files/figure-latex/""unnamed-chunk-182-1".png>
Package pdftex.def Info: "_main_files/figure-latex/""unnamed-chunk-182-1".png  
used on input line 3959.
(pdftex.def)             Requested size: 344.997pt x 238.84406pt.
[114 <./_main_files/figure-latex/unnamed-chunk-182-1.png>]
Chapter 12.
[115

]
<"_main_files/figure-latex/""unnamed-chunk-190-1".png, id=1097, 469.755pt x 325
.215pt>
File: "_main_files/figure-latex/""unnamed-chunk-190-1".png Graphic file (type p
ng)
<use "_main_files/figure-latex/""unnamed-chunk-190-1".png>
Package pdftex.def Info: "_main_files/figure-latex/""unnamed-chunk-190-1".png  
used on input line 4040.
(pdftex.def)             Requested size: 344.997pt x 238.84406pt.
[116 <./_main_files/figure-latex/unnamed-chunk-190-1.png>]
Chapter 13.
[117

]

LaTeX Warning: Reference `label' on page 118 undefined on input line 4106.


Overfull \hbox (6.6343pt too wide) has occurred while \output is active
\T1/lmr/m/n/10 118 \T1/lmr/m/sl/10 CHAPTER 13.  DETECTING TEXT REUSE IN NEWSPAP
ER ARTICLES.
 []

[118]
Overfull \hbox (4.63905pt too wide) in paragraph at lines 4137--4138
\T1/lmr/m/n/10 (-20) This is a very sim-ple func-tion - it says, for each row i
n the news_sample_dataframe,
 []

[119]
Overfull \hbox (69.7488pt too wide) in paragraph at lines 4222--4222
[]\T1/lmtt/m/n/10 ##  [1] -2147136494 -2138512326 -2147425767 -2143106471 -2135
745958 -2141828729[] 
 []


Overfull \hbox (6.6343pt too wide) has occurred while \output is active
\T1/lmr/m/n/10 120 \T1/lmr/m/sl/10 CHAPTER 13.  DETECTING TEXT REUSE IN NEWSPAP
ER ARTICLES.
 []

[120] [121]
Overfull \hbox (1.499pt too wide) in paragraph at lines 4309--4309
[]\T1/lmtt/m/n/10 ##    a           b           score text.x                  t
ext.y[] 
 []


Overfull \hbox (90.74873pt too wide) in paragraph at lines 4309--4309
[]\T1/lmtt/m/n/10 ##  1 article_017 article_342     1 TIIE  NATIONAL  REGIST~ T
IIE  NATIONAL  REGIST~[] 
 []


Overfull \hbox (90.74873pt too wide) in paragraph at lines 4309--4309
[]\T1/lmtt/m/n/10 ##  2 article_019 article_043     1 THE  NATIONAL  REGISTE~ T
HE  NATIONAL  REGISTE~[] 
 []


Overfull \hbox (90.74873pt too wide) in paragraph at lines 4309--4309
[]\T1/lmtt/m/n/10 ##  3 article_019 article_068     1 THE  NATIONAL  REGISTE~ T
HE  NATIONAL  REGISTE~[] 
 []


Overfull \hbox (90.74873pt too wide) in paragraph at lines 4309--4309
[]\T1/lmtt/m/n/10 ##  4 article_019 article_395     1 THE  NATIONAL  REGISTE~ T
HE  NATIONAL  REGISTE~[] 
 []


Overfull \hbox (90.74873pt too wide) in paragraph at lines 4309--4309
[]\T1/lmtt/m/n/10 ##  5 article_019 article_400     1 THE  NATIONAL  REGISTE~ T
HE  NATIONAL  REGISTE~[] 
 []


Overfull \hbox (90.74873pt too wide) in paragraph at lines 4309--4309
[]\T1/lmtt/m/n/10 ##  6 article_019 article_461     1 THE  NATIONAL  REGISTE~ T
HE  NATIONAL  REGISTE~[] 
 []


Overfull \hbox (90.74873pt too wide) in paragraph at lines 4309--4309
[]\T1/lmtt/m/n/10 ##  7 article_019 article_463     1 THE  NATIONAL  REGISTE~ T
HE  NATIONAL  REGISTE~[] 
 []


Overfull \hbox (90.74873pt too wide) in paragraph at lines 4309--4309
[]\T1/lmtt/m/n/10 ##  8 article_019 article_513     1 THE  NATIONAL  REGISTE~ T
HE  NATIONAL  REGISTE~[] 
 []


Overfull \hbox (90.74873pt too wide) in paragraph at lines 4309--4309
[]\T1/lmtt/m/n/10 ##  9 article_019 article_603     1 THE  NATIONAL  REGISTE~ T
HE  NATIONAL  REGISTE~[] 
 []


Overfull \hbox (90.74873pt too wide) in paragraph at lines 4309--4309
[]\T1/lmtt/m/n/10 ## 10 article_043 article_068     1 THE  NATIONAL  REGISTE~ T
HE  NATIONAL  REGISTE~[] 
 []


Overfull \hbox (6.6343pt too wide) has occurred while \output is active
\T1/lmr/m/n/10 122 \T1/lmr/m/sl/10 CHAPTER 13.  DETECTING TEXT REUSE IN NEWSPAP
ER ARTICLES.
 []

[122] [123]
Overfull \hbox (6.6343pt too wide) has occurred while \output is active
\T1/lmr/m/n/10 124 \T1/lmr/m/sl/10 CHAPTER 13.  DETECTING TEXT REUSE IN NEWSPAP
ER ARTICLES.
 []

[124

]
Chapter 14.
[125]
Package atveryend Info: Empty hook `BeforeClearDocument' on input line 4417.
[126]
Package atveryend Info: Empty hook `AfterLastShipout' on input line 4417.
(./_main.aux)
Package atveryend Info: Executing hook `AtVeryEndDocument' on input line 4417.
Package atveryend Info: Executing hook `AtEndAfterFileList' on input line 4417.

Package rerunfilecheck Info: File `_main.out' has not changed.
(rerunfilecheck)             Checksum: 208A5CBCCB5EFBBD07DBEC3F0D215220;12021.

LaTeX Warning: There were undefined references.

 ) 
Here is how much of TeX's memory you used:
 13874 strings out of 493610
 210967 string characters out of 6159293
 302364 words of memory out of 5000000
 17303 multiletter control sequences out of 15000+600000
 93030 words of font info for 152 fonts, out of 8000000 for 9000
 319 hyphenation exceptions out of 8191
 39i,8n,42p,1634b,451s stack positions out of 5000i,500n,10000p,200000b,80000s
{/usr/local/texlive/2019basic/texmf-dist/fonts/enc/dvips/lm/lm-ec.enc}{/usr/l
ocal/texlive/2019basic/texmf-dist/fonts/enc/dvips/lm/lm-ts1.enc}</usr/local/tex
live/2019basic/texmf-dist/fonts/type1/public/lm/lmbx10.pfb></usr/local/texlive/
2019basic/texmf-dist/fonts/type1/public/lm/lmbx12.pfb></usr/local/texlive/2019b
asic/texmf-dist/fonts/type1/public/lm/lmbx8.pfb></usr/local/texlive/2019basic/t
exmf-dist/fonts/type1/public/lm/lmr10.pfb></usr/local/texlive/2019basic/texmf-d
ist/fonts/type1/public/lm/lmr17.pfb></usr/local/texlive/2019basic/texmf-dist/fo
nts/type1/public/lm/lmr6.pfb></usr/local/texlive/2019basic/texmf-dist/fonts/typ
e1/public/lm/lmr7.pfb></usr/local/texlive/2019basic/texmf-dist/fonts/type1/publ
ic/lm/lmr8.pfb></usr/local/texlive/2019basic/texmf-dist/fonts/type1/public/lm/l
mri10.pfb></usr/local/texlive/2019basic/texmf-dist/fonts/type1/public/lm/lmri12
.pfb></usr/local/texlive/2019basic/texmf-dist/fonts/type1/public/lm/lmri8.pfb><
/usr/local/texlive/2019basic/texmf-dist/fonts/type1/public/lm/lmro10.pfb></usr/
local/texlive/2019basic/texmf-dist/fonts/type1/public/lm/lmtk10.pfb></usr/local
/texlive/2019basic/texmf-dist/fonts/type1/public/lm/lmtt10.pfb></usr/local/texl
ive/2019basic/texmf-dist/fonts/type1/public/lm/lmtti10.pfb>
Output written on _main.pdf (126 pages, 3012916 bytes).
PDF statistics:
 1345 PDF objects out of 1440 (max. 8388607)
 1112 compressed objects within 12 object streams
 346 named destinations out of 1000 (max. 500000)
 19116 words of extra memory for PDF output out of 20736 (max. 10000000)

